*** WARNING (version #e563127): /home/sek519/warm_starting/vws/../vpc/src/cut/CglVPC.cpp:683: Nonbasic reduced cost should be >= 0 in the complemented nonbasic space. However, for nb var 235 (real var 300), it is -8.500263e-07. Small enough error that we only send warning.
*** WARNING (version #e563127): /home/sek519/warm_starting/vws/../vpc/src/cut/CglVPC.cpp:683: Nonbasic reduced cost should be >= 0 in the complemented nonbasic space. However, for nb var 366 (real var 451), it is -8.500524e-07. Small enough error that we only send warning.
*** WARNING (version #e563127): /home/sek519/warm_starting/vws/../vpc/src/utility/nbspace.cpp:354: Ray 300: dot product with obj < 0. Obj viol from solver: -0.00000085. Calculated: -0.00000085.
*** WARNING (version #e563127): /home/sek519/warm_starting/vws/../vpc/src/cut/CglVPC.cpp:1280: Term 9 ray 235 does not satisfy the objective cut. Activity: -0.00000085. RHS: 0.00000000. Small enough violation that we only send a warning.
*** WARNING (version #e563127): /home/sek519/warm_starting/vws/../vpc/src/utility/nbspace.cpp:354: Ray 451: dot product with obj < 0. Obj viol from solver: -0.00000085. Calculated: -0.00000085.
*** WARNING (version #e563127): /home/sek519/warm_starting/vws/../vpc/src/cut/CglVPC.cpp:1280: Term 9 ray 366 does not satisfy the objective cut. Activity: -0.00000085. RHS: 0.00000000. Small enough violation that we only send a warning.
messed up a farkas cofficient
setting all farkas coefficients to 0
messed up a farkas cofficient
setting all farkas coefficients to 0
messed up a farkas cofficient
setting all farkas coefficients to 0
messed up a farkas cofficient
setting all farkas coefficients to 0
messed up a farkas cofficient
setting all farkas coefficients to 0
messed up a farkas cofficient
setting all farkas coefficients to 0
messed up a farkas cofficient
setting all farkas coefficients to 0
messed up a farkas cofficient
setting all farkas coefficients to 0
messed up a farkas cofficient
setting all farkas coefficients to 0
messed up a farkas cofficient
setting all farkas coefficients to 0
messed up a farkas cofficient
setting all farkas coefficients to 0
messed up a farkas cofficient
setting all farkas coefficients to 0
messed up a farkas cofficient
setting all farkas coefficients to 0
messed up a farkas cofficient
setting all farkas coefficients to 0
messed up a farkas cofficient
setting all farkas coefficients to 0
messed up a farkas cofficient
setting all farkas coefficients to 0
messed up a farkas cofficient
setting all farkas coefficients to 0
messed up a farkas cofficient
setting all farkas coefficients to 0
messed up a farkas cofficient
setting all farkas coefficients to 0
messed up a farkas cofficient
setting all farkas coefficients to 0
messed up a farkas cofficient
setting all farkas coefficients to 0
messed up a farkas cofficient
setting all farkas coefficients to 0
messed up a farkas cofficient
setting all farkas coefficients to 0
messed up a farkas cofficient
setting all farkas coefficients to 0
messed up a farkas cofficient
setting all farkas coefficients to 0
messed up a farkas cofficient
setting all farkas coefficients to 0
messed up a farkas cofficient
setting all farkas coefficients to 0
messed up a farkas cofficient
setting all farkas coefficients to 0
messed up a farkas cofficient
setting all farkas coefficients to 0
messed up a farkas cofficient
setting all farkas coefficients to 0
messed up a farkas cofficient
setting all farkas coefficients to 0
messed up a farkas cofficient
setting all farkas coefficients to 0
messed up a farkas cofficient
setting all farkas coefficients to 0
messed up a farkas cofficient
setting all farkas coefficients to 0
*** WARNING (version #e563127): /home/sek519/warm_starting/vws/../vpc/src/utility/nbspace.cpp:368: Ray 48: Calculated dot product with obj differs from solver's. Obj viol from solver: 2.68897052. Calculated: 2.68897067.
*** WARNING (version #e563127): /home/sek519/warm_starting/vws/../vpc/src/utility/nbspace.cpp:368: Ray 672: Calculated dot product with obj differs from solver's. Obj viol from solver: 4.74826610. Calculated: 4.74826620.
*** WARNING (version #e563127): /home/sek519/warm_starting/vws/../vpc/src/utility/nbspace.cpp:368: Ray 796: Calculated dot product with obj differs from solver's. Obj viol from solver: 2.99672311. Calculated: 2.99672322.
*** WARNING (version #e563127): /home/sek519/warm_starting/vws/../vpc/src/utility/nbspace.cpp:368: Ray 1087: Calculated dot product with obj differs from solver's. Obj viol from solver: 5.74826610. Calculated: 5.74826620.
*** WARNING (version #e563127): /home/sek519/warm_starting/vws/../vpc/src/utility/nbspace.cpp:368: Ray 1260: Calculated dot product with obj differs from solver's. Obj viol from solver: 0.05612887. Calculated: 0.05612898.
*** WARNING (version #e563127): /home/sek519/warm_starting/vws/../vpc/src/utility/nbspace.cpp:368: Ray 1264: Calculated dot product with obj differs from solver's. Obj viol from solver: 2.41900180. Calculated: 2.41900191.
*** WARNING (version #e563127): /home/sek519/warm_starting/vws/../vpc/src/utility/nbspace.cpp:368: Ray 1268: Calculated dot product with obj differs from solver's. Obj viol from solver: 0.61828501. Calculated: 0.61828514.
*** WARNING (version #e563127): /home/sek519/warm_starting/vws/../vpc/src/utility/nbspace.cpp:368: Ray 1284: Calculated dot product with obj differs from solver's. Obj viol from solver: 1.00327689. Calculated: 1.00327678.
*** WARNING (version #e563127): /home/sek519/warm_starting/vws/../vpc/src/utility/nbspace.cpp:368: Ray 706: Calculated dot product with obj differs from solver's. Obj viol from solver: 4.44574524. Calculated: 4.44574535.
*** WARNING (version #e563127): /home/sek519/warm_starting/vws/../vpc/src/utility/nbspace.cpp:368: Ray 229: Calculated dot product with obj differs from solver's. Obj viol from solver: 0.40936424. Calculated: 0.40936440.
*** WARNING (version #e563127): /home/sek519/warm_starting/vws/../vpc/src/utility/nbspace.cpp:368: Ray 267: Calculated dot product with obj differs from solver's. Obj viol from solver: 1.36791292. Calculated: 1.36791304.
*** WARNING (version #e563127): /home/sek519/warm_starting/vws/../vpc/src/utility/nbspace.cpp:368: Ray 299: Calculated dot product with obj differs from solver's. Obj viol from solver: 5.64367718. Calculated: 5.64367730.
*** WARNING (version #e563127): /home/sek519/warm_starting/vws/../vpc/src/utility/nbspace.cpp:368: Ray 418: Calculated dot product with obj differs from solver's. Obj viol from solver: 4.64367718. Calculated: 4.64367730.
*** WARNING (version #e563127): /home/sek519/warm_starting/vws/../vpc/src/utility/nbspace.cpp:368: Ray 450: Calculated dot product with obj differs from solver's. Obj viol from solver: 6.64367718. Calculated: 6.64367730.
*** WARNING (version #e563127): /home/sek519/warm_starting/vws/../vpc/src/utility/nbspace.cpp:368: Ray 515: Calculated dot product with obj differs from solver's. Obj viol from solver: 3.40936424. Calculated: 3.40936440.
*** WARNING (version #e563127): /home/sek519/warm_starting/vws/../vpc/src/utility/nbspace.cpp:368: Ray 239: Calculated dot product with obj differs from solver's. Obj viol from solver: 0.07956383. Calculated: 0.07956394.
*** WARNING (version #e563127): /home/sek519/warm_starting/vws/../vpc/src/utility/nbspace.cpp:368: Ray 239: Calculated dot product with obj differs from solver's. Obj viol from solver: 1.30733232. Calculated: 1.30733250.
*** WARNING (version #e563127): /home/sek519/warm_starting/vws/../vpc/src/utility/nbspace.cpp:368: Ray 323: Calculated dot product with obj differs from solver's. Obj viol from solver: 1.35006533. Calculated: 1.35006551.
*** WARNING (version #e563127): /home/sek519/warm_starting/vws/../vpc/src/utility/nbspace.cpp:368: Ray 287: Calculated dot product with obj differs from solver's. Obj viol from solver: 0.95532774. Calculated: 0.95532788.
*** WARNING (version #e563127): /home/sek519/warm_starting/vws/../vpc/src/utility/nbspace.cpp:368: Ray 1141: Calculated dot product with obj differs from solver's. Obj viol from solver: 0.94798867. Calculated: 0.94798855.
messed up a farkas cofficient
setting all farkas coefficients to 0
messed up a farkas cofficient
setting all farkas coefficients to 0
*** WARNING (version #e563127): /home/sek519/warm_starting/vws/../vpc/src/utility/nbspace.cpp:368: Ray 250: Calculated dot product with obj differs from solver's. Obj viol from solver: 0.00213541. Calculated: 0.00213530.
*** WARNING (version #e563127): /home/sek519/warm_starting/vws/../vpc/src/utility/nbspace.cpp:368: Ray 322: Calculated dot product with obj differs from solver's. Obj viol from solver: 1.65915116. Calculated: 1.65915099.
*** WARNING (version #e563127): /home/sek519/warm_starting/vws/../vpc/src/utility/nbspace.cpp:368: Ray 324: Calculated dot product with obj differs from solver's. Obj viol from solver: 0.99740600. Calculated: 0.99740613.
*** WARNING (version #e563127): /home/sek519/warm_starting/vws/../vpc/src/utility/nbspace.cpp:368: Ray 156: Calculated dot product with obj differs from solver's. Obj viol from solver: 0.00704217. Calculated: 0.00704228.
*** WARNING (version #e563127): /home/sek519/warm_starting/vws/../vpc/src/utility/nbspace.cpp:368: Ray 157: Calculated dot product with obj differs from solver's. Obj viol from solver: 0.01104181. Calculated: 0.01104197.
*** WARNING (version #e563127): /home/sek519/warm_starting/vws/../vpc/src/utility/nbspace.cpp:368: Ray 240: Calculated dot product with obj differs from solver's. Obj viol from solver: 0.00265937. Calculated: 0.00265951.
*** WARNING (version #e563127): /home/sek519/warm_starting/vws/../vpc/src/utility/nbspace.cpp:368: Ray 243: Calculated dot product with obj differs from solver's. Obj viol from solver: 0.00697421. Calculated: 0.00697435.
*** WARNING (version #e563127): /home/sek519/warm_starting/vws/../vpc/src/utility/nbspace.cpp:368: Ray 249: Calculated dot product with obj differs from solver's. Obj viol from solver: 0.99136957. Calculated: 0.99136969.
*** WARNING (version #e563127): /home/sek519/warm_starting/vws/../vpc/src/utility/nbspace.cpp:368: Ray 256: Calculated dot product with obj differs from solver's. Obj viol from solver: 1.00572127. Calculated: 1.00572115.
*** WARNING (version #e563127): /home/sek519/warm_starting/vws/../vpc/src/utility/nbspace.cpp:368: Ray 303: Calculated dot product with obj differs from solver's. Obj viol from solver: 0.01322136. Calculated: 0.01322148.
*** WARNING (version #e563127): /home/sek519/warm_starting/vws/../vpc/src/utility/nbspace.cpp:368: Ray 325: Calculated dot product with obj differs from solver's. Obj viol from solver: 0.99182646. Calculated: 0.99182632.
*** WARNING (version #e563127): /home/sek519/warm_starting/vws/../vpc/src/utility/nbspace.cpp:368: Ray 330: Calculated dot product with obj differs from solver's. Obj viol from solver: 1.00817354. Calculated: 1.00817368.
*** WARNING (version #e563127): /home/sek519/warm_starting/vws/../vpc/src/utility/nbspace.cpp:368: Ray 470: Calculated dot product with obj differs from solver's. Obj viol from solver: 1.01104181. Calculated: 1.01104197.
*** WARNING (version #e563127): /home/sek519/warm_starting/vws/../vpc/src/utility/nbspace.cpp:368: Ray 517: Calculated dot product with obj differs from solver's. Obj viol from solver: 0.99534320. Calculated: 0.99534335.
*** WARNING (version #e563127): /home/sek519/warm_starting/vws/../vpc/src/utility/nbspace.cpp:368: Ray 540: Calculated dot product with obj differs from solver's. Obj viol from solver: 2.99570812. Calculated: 2.99570797.
*** WARNING (version #e563127): /home/sek519/warm_starting/vws/../vpc/src/utility/nbspace.cpp:368: Ray 541: Calculated dot product with obj differs from solver's. Obj viol from solver: 1.99769519. Calculated: 1.99769502.
*** WARNING (version #e563127): /home/sek519/warm_starting/vws/../vpc/src/utility/nbspace.cpp:368: Ray 646: Calculated dot product with obj differs from solver's. Obj viol from solver: 2.99682390. Calculated: 2.99682408.
*** WARNING (version #e563127): /home/sek519/warm_starting/vws/../vpc/src/utility/nbspace.cpp:368: Ray 655: Calculated dot product with obj differs from solver's. Obj viol from solver: 0.00572127. Calculated: 0.00572115.
*** WARNING (version #e563127): /home/sek519/warm_starting/vws/../vpc/src/utility/nbspace.cpp:368: Ray 805: Calculated dot product with obj differs from solver's. Obj viol from solver: 0.99182646. Calculated: 0.99182632.
*** WARNING (version #e563127): /home/sek519/warm_starting/vws/../vpc/src/utility/nbspace.cpp:368: Ray 836: Calculated dot product with obj differs from solver's. Obj viol from solver: 2.99682390. Calculated: 2.99682408.
*** WARNING (version #e563127): /home/sek519/warm_starting/vws/../vpc/src/utility/nbspace.cpp:368: Ray 851: Calculated dot product with obj differs from solver's. Obj viol from solver: 2.99682390. Calculated: 2.99682408.
*** WARNING (version #e563127): /home/sek519/warm_starting/vws/../vpc/src/utility/nbspace.cpp:368: Ray 1134: Calculated dot product with obj differs from solver's. Obj viol from solver: 0.00402230. Calculated: 0.00402211.
*** WARNING (version #e563127): /home/sek519/warm_starting/vws/../vpc/src/utility/nbspace.cpp:368: Ray 1158: Calculated dot product with obj differs from solver's. Obj viol from solver: 1.00317610. Calculated: 1.00317592.
*** WARNING (version #e563127): /home/sek519/warm_starting/vws/../vpc/src/utility/nbspace.cpp:368: Ray 1257: Calculated dot product with obj differs from solver's. Obj viol from solver: 0.00946845. Calculated: 0.00946826.
*** WARNING (version #e563127): /home/sek519/warm_starting/vws/../vpc/src/utility/nbspace.cpp:368: Ray 156: Calculated dot product with obj differs from solver's. Obj viol from solver: 0.00704217. Calculated: 0.00704228.
*** WARNING (version #e563127): /home/sek519/warm_starting/vws/../vpc/src/utility/nbspace.cpp:368: Ray 157: Calculated dot product with obj differs from solver's. Obj viol from solver: 0.01104181. Calculated: 0.01104197.
*** WARNING (version #e563127): /home/sek519/warm_starting/vws/../vpc/src/utility/nbspace.cpp:368: Ray 240: Calculated dot product with obj differs from solver's. Obj viol from solver: 0.00265937. Calculated: 0.00265951.
*** WARNING (version #e563127): /home/sek519/warm_starting/vws/../vpc/src/utility/nbspace.cpp:368: Ray 243: Calculated dot product with obj differs from solver's. Obj viol from solver: 0.00697421. Calculated: 0.00697435.
*** WARNING (version #e563127): /home/sek519/warm_starting/vws/../vpc/src/utility/nbspace.cpp:368: Ray 249: Calculated dot product with obj differs from solver's. Obj viol from solver: 0.99136956. Calculated: 0.99136969.
*** WARNING (version #e563127): /home/sek519/warm_starting/vws/../vpc/src/utility/nbspace.cpp:368: Ray 256: Calculated dot product with obj differs from solver's. Obj viol from solver: 1.00572127. Calculated: 1.00572115.
*** WARNING (version #e563127): /home/sek519/warm_starting/vws/../vpc/src/utility/nbspace.cpp:368: Ray 303: Calculated dot product with obj differs from solver's. Obj viol from solver: 0.01322136. Calculated: 0.01322148.
*** WARNING (version #e563127): /home/sek519/warm_starting/vws/../vpc/src/utility/nbspace.cpp:368: Ray 325: Calculated dot product with obj differs from solver's. Obj viol from solver: 0.99182647. Calculated: 0.99182632.
*** WARNING (version #e563127): /home/sek519/warm_starting/vws/../vpc/src/utility/nbspace.cpp:368: Ray 330: Calculated dot product with obj differs from solver's. Obj viol from solver: 1.00817353. Calculated: 1.00817368.
*** WARNING (version #e563127): /home/sek519/warm_starting/vws/../vpc/src/utility/nbspace.cpp:368: Ray 470: Calculated dot product with obj differs from solver's. Obj viol from solver: 1.01104181. Calculated: 1.01104197.
*** WARNING (version #e563127): /home/sek519/warm_starting/vws/../vpc/src/utility/nbspace.cpp:368: Ray 517: Calculated dot product with obj differs from solver's. Obj viol from solver: 0.99534320. Calculated: 0.99534335.
*** WARNING (version #e563127): /home/sek519/warm_starting/vws/../vpc/src/utility/nbspace.cpp:368: Ray 540: Calculated dot product with obj differs from solver's. Obj viol from solver: 2.99570812. Calculated: 2.99570797.
*** WARNING (version #e563127): /home/sek519/warm_starting/vws/../vpc/src/utility/nbspace.cpp:368: Ray 541: Calculated dot product with obj differs from solver's. Obj viol from solver: 1.99769519. Calculated: 1.99769502.
*** WARNING (version #e563127): /home/sek519/warm_starting/vws/../vpc/src/utility/nbspace.cpp:368: Ray 646: Calculated dot product with obj differs from solver's. Obj viol from solver: 2.99682390. Calculated: 2.99682408.
*** WARNING (version #e563127): /home/sek519/warm_starting/vws/../vpc/src/utility/nbspace.cpp:368: Ray 655: Calculated dot product with obj differs from solver's. Obj viol from solver: 0.00572127. Calculated: 0.00572115.
*** WARNING (version #e563127): /home/sek519/warm_starting/vws/../vpc/src/utility/nbspace.cpp:368: Ray 805: Calculated dot product with obj differs from solver's. Obj viol from solver: 0.99182647. Calculated: 0.99182632.
*** WARNING (version #e563127): /home/sek519/warm_starting/vws/../vpc/src/utility/nbspace.cpp:368: Ray 836: Calculated dot product with obj differs from solver's. Obj viol from solver: 2.99682390. Calculated: 2.99682408.
*** WARNING (version #e563127): /home/sek519/warm_starting/vws/../vpc/src/utility/nbspace.cpp:368: Ray 851: Calculated dot product with obj differs from solver's. Obj viol from solver: 2.99682390. Calculated: 2.99682408.
*** WARNING (version #e563127): /home/sek519/warm_starting/vws/../vpc/src/utility/nbspace.cpp:368: Ray 1134: Calculated dot product with obj differs from solver's. Obj viol from solver: 0.00402230. Calculated: 0.00402211.
*** WARNING (version #e563127): /home/sek519/warm_starting/vws/../vpc/src/utility/nbspace.cpp:368: Ray 1158: Calculated dot product with obj differs from solver's. Obj viol from solver: 1.00317610. Calculated: 1.00317592.
*** WARNING (version #e563127): /home/sek519/warm_starting/vws/../vpc/src/utility/nbspace.cpp:368: Ray 1257: Calculated dot product with obj differs from solver's. Obj viol from solver: 0.00946845. Calculated: 0.00946826.
*** WARNING (version #e563127): /home/sek519/warm_starting/vws/../vpc/src/utility/nbspace.cpp:368: Ray 156: Calculated dot product with obj differs from solver's. Obj viol from solver: 0.28293264. Calculated: 0.28293277.
*** WARNING (version #e563127): /home/sek519/warm_starting/vws/../vpc/src/utility/nbspace.cpp:368: Ray 230: Calculated dot product with obj differs from solver's. Obj viol from solver: 0.95437939. Calculated: 0.95437929.
*** WARNING (version #e563127): /home/sek519/warm_starting/vws/../vpc/src/utility/nbspace.cpp:368: Ray 240: Calculated dot product with obj differs from solver's. Obj viol from solver: 0.00265927. Calculated: 0.00265937.
*** WARNING (version #e563127): /home/sek519/warm_starting/vws/../vpc/src/utility/nbspace.cpp:368: Ray 255: Calculated dot product with obj differs from solver's. Obj viol from solver: 1.04562061. Calculated: 1.04562071.
*** WARNING (version #e563127): /home/sek519/warm_starting/vws/../vpc/src/utility/nbspace.cpp:368: Ray 303: Calculated dot product with obj differs from solver's. Obj viol from solver: 0.07194958. Calculated: 0.07194945.
*** WARNING (version #e563127): /home/sek519/warm_starting/vws/../vpc/src/utility/nbspace.cpp:368: Ray 322: Calculated dot product with obj differs from solver's. Obj viol from solver: 1.04142425. Calculated: 1.04142411.
*** WARNING (version #e563127): /home/sek519/warm_starting/vws/../vpc/src/utility/nbspace.cpp:368: Ray 50: Calculated dot product with obj differs from solver's. Obj viol from solver: 0.21152296. Calculated: 0.21152309.
*** WARNING (version #e563127): /home/sek519/warm_starting/vws/../vpc/src/utility/nbspace.cpp:368: Ray 236: Calculated dot product with obj differs from solver's. Obj viol from solver: 0.22762599. Calculated: 0.22762587.
*** WARNING (version #e563127): /home/sek519/warm_starting/vws/../vpc/src/utility/nbspace.cpp:368: Ray 240: Calculated dot product with obj differs from solver's. Obj viol from solver: 0.26710643. Calculated: 0.26710629.
*** WARNING (version #e563127): /home/sek519/warm_starting/vws/../vpc/src/utility/nbspace.cpp:368: Ray 327: Calculated dot product with obj differs from solver's. Obj viol from solver: 0.55263348. Calculated: 0.55263365.
*** WARNING (version #e563127): /home/sek519/warm_starting/vws/../vpc/src/utility/nbspace.cpp:368: Ray 515: Calculated dot product with obj differs from solver's. Obj viol from solver: 1.83959028. Calculated: 1.83959042.
*** WARNING (version #e563127): /home/sek519/warm_starting/vws/../vpc/src/utility/nbspace.cpp:368: Ray 1260: Calculated dot product with obj differs from solver's. Obj viol from solver: 0.53963557. Calculated: 0.53963570.
*** WARNING (version #e563127): /home/sek519/warm_starting/vws/../vpc/src/utility/nbspace.cpp:368: Ray 542: Calculated dot product with obj differs from solver's. Obj viol from solver: 1.77011162. Calculated: 1.77011150.
