*** WARNING (version #e563127): /home/sek519/warm_starting/vws/../vpc/src/cut/CglVPC.cpp:683: Nonbasic reduced cost should be >= 0 in the complemented nonbasic space. However, for nb var 235 (real var 300), it is -8.500263e-07. Small enough error that we only send warning.
*** WARNING (version #e563127): /home/sek519/warm_starting/vws/../vpc/src/cut/CglVPC.cpp:683: Nonbasic reduced cost should be >= 0 in the complemented nonbasic space. However, for nb var 366 (real var 451), it is -8.500524e-07. Small enough error that we only send warning.
*** WARNING (version #e563127): /home/sek519/warm_starting/vws/../vpc/src/utility/nbspace.cpp:354: Ray 300: dot product with obj < 0. Obj viol from solver: -0.00000085. Calculated: -0.00000085.
*** WARNING (version #e563127): /home/sek519/warm_starting/vws/../vpc/src/cut/CglVPC.cpp:1280: Term 9 ray 235 does not satisfy the objective cut. Activity: -0.00000085. RHS: 0.00000000. Small enough violation that we only send a warning.
*** WARNING (version #e563127): /home/sek519/warm_starting/vws/../vpc/src/utility/nbspace.cpp:354: Ray 451: dot product with obj < 0. Obj viol from solver: -0.00000085. Calculated: -0.00000085.
*** WARNING (version #e563127): /home/sek519/warm_starting/vws/../vpc/src/cut/CglVPC.cpp:1280: Term 9 ray 366 does not satisfy the objective cut. Activity: -0.00000085. RHS: 0.00000000. Small enough violation that we only send a warning.
messed up a farkas cofficient
setting all farkas coefficients to 0
messed up a farkas cofficient
setting all farkas coefficients to 0
messed up a farkas cofficient
setting all farkas coefficients to 0
messed up a farkas cofficient
setting all farkas coefficients to 0
messed up a farkas cofficient
setting all farkas coefficients to 0
messed up a farkas cofficient
setting all farkas coefficients to 0
messed up a farkas cofficient
setting all farkas coefficients to 0
messed up a farkas cofficient
setting all farkas coefficients to 0
messed up a farkas cofficient
setting all farkas coefficients to 0
messed up a farkas cofficient
setting all farkas coefficients to 0
messed up a farkas cofficient
setting all farkas coefficients to 0
messed up a farkas cofficient
setting all farkas coefficients to 0
messed up a farkas cofficient
setting all farkas coefficients to 0
messed up a farkas cofficient
setting all farkas coefficients to 0
messed up a farkas cofficient
setting all farkas coefficients to 0
messed up a farkas cofficient
setting all farkas coefficients to 0
messed up a farkas cofficient
setting all farkas coefficients to 0
messed up a farkas cofficient
setting all farkas coefficients to 0
messed up a farkas cofficient
setting all farkas coefficients to 0
messed up a farkas cofficient
setting all farkas coefficients to 0
messed up a farkas cofficient
setting all farkas coefficients to 0
messed up a farkas cofficient
setting all farkas coefficients to 0
messed up a farkas cofficient
setting all farkas coefficients to 0
messed up a farkas cofficient
setting all farkas coefficients to 0
messed up a farkas cofficient
setting all farkas coefficients to 0
messed up a farkas cofficient
setting all farkas coefficients to 0
messed up a farkas cofficient
setting all farkas coefficients to 0
messed up a farkas cofficient
setting all farkas coefficients to 0
messed up a farkas cofficient
setting all farkas coefficients to 0
messed up a farkas cofficient
setting all farkas coefficients to 0
messed up a farkas cofficient
setting all farkas coefficients to 0
messed up a farkas cofficient
setting all farkas coefficients to 0
messed up a farkas cofficient
setting all farkas coefficients to 0
messed up a farkas cofficient
setting all farkas coefficients to 0
*** WARNING (version #e563127): /home/sek519/warm_starting/vws/../vpc/src/utility/nbspace.cpp:368: Ray 515: Calculated dot product with obj differs from solver's. Obj viol from solver: 7.06167224. Calculated: 7.06167235.
*** WARNING (version #e563127): /home/sek519/warm_starting/vws/../vpc/src/utility/nbspace.cpp:368: Ray 706: Calculated dot product with obj differs from solver's. Obj viol from solver: 3.92007527. Calculated: 3.92007513.
*** WARNING (version #e563127): /home/sek519/warm_starting/vws/../vpc/src/utility/nbspace.cpp:368: Ray 49: Calculated dot product with obj differs from solver's. Obj viol from solver: 6.86891901. Calculated: 6.86891891.
*** WARNING (version #e563127): /home/sek519/warm_starting/vws/../vpc/src/utility/nbspace.cpp:368: Ray 50: Calculated dot product with obj differs from solver's. Obj viol from solver: 3.95815080. Calculated: 3.95815070.
*** WARNING (version #e563127): /home/sek519/warm_starting/vws/../vpc/src/utility/nbspace.cpp:368: Ray 236: Calculated dot product with obj differs from solver's. Obj viol from solver: 2.03949247. Calculated: 2.03949237.
*** WARNING (version #e563127): /home/sek519/warm_starting/vws/../vpc/src/utility/nbspace.cpp:368: Ray 277: Calculated dot product with obj differs from solver's. Obj viol from solver: 1.11048278. Calculated: 1.11048266.
*** WARNING (version #e563127): /home/sek519/warm_starting/vws/../vpc/src/utility/nbspace.cpp:368: Ray 280: Calculated dot product with obj differs from solver's. Obj viol from solver: 1.90606334. Calculated: 1.90606344.
*** WARNING (version #e563127): /home/sek519/warm_starting/vws/../vpc/src/utility/nbspace.cpp:368: Ray 301: Calculated dot product with obj differs from solver's. Obj viol from solver: 0.19693830. Calculated: 0.19693841.
*** WARNING (version #e563127): /home/sek519/warm_starting/vws/../vpc/src/utility/nbspace.cpp:368: Ray 306: Calculated dot product with obj differs from solver's. Obj viol from solver: 0.19693830. Calculated: 0.19693841.
*** WARNING (version #e563127): /home/sek519/warm_starting/vws/../vpc/src/utility/nbspace.cpp:368: Ray 542: Calculated dot product with obj differs from solver's. Obj viol from solver: 1.01925720. Calculated: 1.01925733.
*** WARNING (version #e563127): /home/sek519/warm_starting/vws/../vpc/src/utility/nbspace.cpp:368: Ray 760: Calculated dot product with obj differs from solver's. Obj viol from solver: 5.03949247. Calculated: 5.03949237.
*** WARNING (version #e563127): /home/sek519/warm_starting/vws/../vpc/src/utility/nbspace.cpp:368: Ray 1: Calculated dot product with obj differs from solver's. Obj viol from solver: 14.86149395. Calculated: 14.86149384.
*** WARNING (version #e563127): /home/sek519/warm_starting/vws/../vpc/src/utility/nbspace.cpp:368: Ray 8: Calculated dot product with obj differs from solver's. Obj viol from solver: 15.99962712. Calculated: 15.99962700.
*** WARNING (version #e563127): /home/sek519/warm_starting/vws/../vpc/src/utility/nbspace.cpp:368: Ray 22: Calculated dot product with obj differs from solver's. Obj viol from solver: 4.49362690. Calculated: 4.49362672.
*** WARNING (version #e563127): /home/sek519/warm_starting/vws/../vpc/src/utility/nbspace.cpp:368: Ray 34: Calculated dot product with obj differs from solver's. Obj viol from solver: 0.80752614. Calculated: 0.80752604.
*** WARNING (version #e563127): /home/sek519/warm_starting/vws/../vpc/src/utility/nbspace.cpp:368: Ray 301: Calculated dot product with obj differs from solver's. Obj viol from solver: 0.97177195. Calculated: 0.97177179.
*** WARNING (version #e563127): /home/sek519/warm_starting/vws/../vpc/src/utility/nbspace.cpp:368: Ray 542: Calculated dot product with obj differs from solver's. Obj viol from solver: 1.96083686. Calculated: 1.96083702.
messed up a farkas cofficient
setting all farkas coefficients to 0
messed up a farkas cofficient
setting all farkas coefficients to 0
messed up a farkas cofficient
setting all farkas coefficients to 0
*** WARNING (version #e563127): /home/sek519/warm_starting/vws/../vpc/src/utility/nbspace.cpp:368: Ray 304: Calculated dot product with obj differs from solver's. Obj viol from solver: 3.85998386. Calculated: 3.85998375.
*** WARNING (version #e563127): /home/sek519/warm_starting/vws/../vpc/src/utility/nbspace.cpp:368: Ray 593: Calculated dot product with obj differs from solver's. Obj viol from solver: 7.27124990. Calculated: 7.27125000.
*** WARNING (version #e563127): /home/sek519/warm_starting/vws/../vpc/src/utility/nbspace.cpp:368: Ray 1272: Calculated dot product with obj differs from solver's. Obj viol from solver: 1.27124990. Calculated: 1.27125000.
*** WARNING (version #e563127): /home/sek519/warm_starting/vws/../vpc/src/utility/nbspace.cpp:368: Ray 228: Calculated dot product with obj differs from solver's. Obj viol from solver: 3.82515525. Calculated: 3.82515544.
*** WARNING (version #e563127): /home/sek519/warm_starting/vws/../vpc/src/utility/nbspace.cpp:368: Ray 244: Calculated dot product with obj differs from solver's. Obj viol from solver: 1.73125468. Calculated: 1.73125454.
*** WARNING (version #e563127): /home/sek519/warm_starting/vws/../vpc/src/utility/nbspace.cpp:368: Ray 249: Calculated dot product with obj differs from solver's. Obj viol from solver: 0.26009335. Calculated: 0.26009316.
*** WARNING (version #e563127): /home/sek519/warm_starting/vws/../vpc/src/utility/nbspace.cpp:368: Ray 327: Calculated dot product with obj differs from solver's. Obj viol from solver: 5.07955562. Calculated: 5.07955550.
*** WARNING (version #e563127): /home/sek519/warm_starting/vws/../vpc/src/utility/nbspace.cpp:368: Ray 516: Calculated dot product with obj differs from solver's. Obj viol from solver: 0.79389420. Calculated: 0.79389436.
*** WARNING (version #e563127): /home/sek519/warm_starting/vws/../vpc/src/utility/nbspace.cpp:368: Ray 1244: Calculated dot product with obj differs from solver's. Obj viol from solver: 0.20610580. Calculated: 0.20610564.
*** WARNING (version #e563127): /home/sek519/warm_starting/vws/../vpc/src/utility/nbspace.cpp:368: Ray 244: Calculated dot product with obj differs from solver's. Obj viol from solver: 2.50336621. Calculated: 2.50336608.
*** WARNING (version #e563127): /home/sek519/warm_starting/vws/../vpc/src/utility/nbspace.cpp:368: Ray 253: Calculated dot product with obj differs from solver's. Obj viol from solver: 3.38664091. Calculated: 3.38664073.
*** WARNING (version #e563127): /home/sek519/warm_starting/vws/../vpc/src/utility/nbspace.cpp:368: Ray 1: Calculated dot product with obj differs from solver's. Obj viol from solver: 1.09487295. Calculated: 1.09487307.
*** WARNING (version #e563127): /home/sek519/warm_starting/vws/../vpc/src/utility/nbspace.cpp:368: Ray 7: Calculated dot product with obj differs from solver's. Obj viol from solver: 5.80658847. Calculated: 5.80658861.
*** WARNING (version #e563127): /home/sek519/warm_starting/vws/../vpc/src/utility/nbspace.cpp:368: Ray 22: Calculated dot product with obj differs from solver's. Obj viol from solver: 0.60453639. Calculated: 0.60453659.
*** WARNING (version #e563127): /home/sek519/warm_starting/vws/../vpc/src/utility/nbspace.cpp:368: Ray 34: Calculated dot product with obj differs from solver's. Obj viol from solver: 4.45210422. Calculated: 4.45210433.
*** WARNING (version #e563127): /home/sek519/warm_starting/vws/../vpc/src/utility/nbspace.cpp:368: Ray 134: Calculated dot product with obj differs from solver's. Obj viol from solver: 1275.58549329. Calculated: 1275.58549318.
*** WARNING (version #e563127): /home/sek519/warm_starting/vws/../vpc/src/utility/nbspace.cpp:368: Ray 269: Calculated dot product with obj differs from solver's. Obj viol from solver: 2.14620553. Calculated: 2.14620541.
*** WARNING (version #e563127): /home/sek519/warm_starting/vws/../vpc/src/utility/nbspace.cpp:368: Ray 278: Calculated dot product with obj differs from solver's. Obj viol from solver: 0.58131632. Calculated: 0.58131617.
*** WARNING (version #e563127): /home/sek519/warm_starting/vws/../vpc/src/utility/nbspace.cpp:368: Ray 450: Calculated dot product with obj differs from solver's. Obj viol from solver: 8.70965748. Calculated: 8.70965737.
*** WARNING (version #e563127): /home/sek519/warm_starting/vws/../vpc/src/utility/nbspace.cpp:368: Ray 459: Calculated dot product with obj differs from solver's. Obj viol from solver: 4.86047120. Calculated: 4.86047131.
*** WARNING (version #e563127): /home/sek519/warm_starting/vws/../vpc/src/utility/nbspace.cpp:368: Ray 534: Calculated dot product with obj differs from solver's. Obj viol from solver: 1681.41598501. Calculated: 1681.41598490.
*** WARNING (version #e563127): /home/sek519/warm_starting/vws/../vpc/src/utility/nbspace.cpp:368: Ray 698: Calculated dot product with obj differs from solver's. Obj viol from solver: 2.10318864. Calculated: 2.10318851.
*** WARNING (version #e563127): /home/sek519/warm_starting/vws/../vpc/src/utility/nbspace.cpp:368: Ray 762: Calculated dot product with obj differs from solver's. Obj viol from solver: 1277.58549329. Calculated: 1277.58549318.
*** WARNING (version #e563127): /home/sek519/warm_starting/vws/../vpc/src/utility/nbspace.cpp:368: Ray 810: Calculated dot product with obj differs from solver's. Obj viol from solver: 1654.06187732. Calculated: 1654.06187721.
*** WARNING (version #e563127): /home/sek519/warm_starting/vws/../vpc/src/utility/nbspace.cpp:368: Ray 1202: Calculated dot product with obj differs from solver's. Obj viol from solver: 2.14620553. Calculated: 2.14620541.
*** WARNING (version #e563127): /home/sek519/warm_starting/vws/../vpc/src/utility/nbspace.cpp:368: Ray 1203: Calculated dot product with obj differs from solver's. Obj viol from solver: 0.14424759. Calculated: 0.14424748.
*** WARNING (version #e563127): /home/sek519/warm_starting/vws/../vpc/src/utility/nbspace.cpp:368: Ray 1278: Calculated dot product with obj differs from solver's. Obj viol from solver: 0.13952880. Calculated: 0.13952869.
*** WARNING (version #e563127): /home/sek519/warm_starting/vws/../vpc/src/utility/nbspace.cpp:368: Ray 1283: Calculated dot product with obj differs from solver's. Obj viol from solver: 0.33952083. Calculated: 0.33952094.
*** WARNING (version #e563127): /home/sek519/warm_starting/vws/../vpc/src/utility/nbspace.cpp:368: Ray 244: Calculated dot product with obj differs from solver's. Obj viol from solver: 8.09503229. Calculated: 8.09503212.
*** WARNING (version #e563127): /home/sek519/warm_starting/vws/../vpc/src/utility/nbspace.cpp:368: Ray 278: Calculated dot product with obj differs from solver's. Obj viol from solver: 4.48738661. Calculated: 4.48738650.
*** WARNING (version #e563127): /home/sek519/warm_starting/vws/../vpc/src/utility/nbspace.cpp:368: Ray 48: Calculated dot product with obj differs from solver's. Obj viol from solver: 3.31669854. Calculated: 3.31669865.
*** WARNING (version #e563127): /home/sek519/warm_starting/vws/../vpc/src/utility/nbspace.cpp:368: Ray 1: Calculated dot product with obj differs from solver's. Obj viol from solver: 1.09487295. Calculated: 1.09487307.
*** WARNING (version #e563127): /home/sek519/warm_starting/vws/../vpc/src/utility/nbspace.cpp:368: Ray 7: Calculated dot product with obj differs from solver's. Obj viol from solver: 5.80658847. Calculated: 5.80658861.
*** WARNING (version #e563127): /home/sek519/warm_starting/vws/../vpc/src/utility/nbspace.cpp:368: Ray 22: Calculated dot product with obj differs from solver's. Obj viol from solver: 0.60453639. Calculated: 0.60453659.
*** WARNING (version #e563127): /home/sek519/warm_starting/vws/../vpc/src/utility/nbspace.cpp:368: Ray 34: Calculated dot product with obj differs from solver's. Obj viol from solver: 4.45210422. Calculated: 4.45210433.
*** WARNING (version #e563127): /home/sek519/warm_starting/vws/../vpc/src/utility/nbspace.cpp:368: Ray 134: Calculated dot product with obj differs from solver's. Obj viol from solver: 1279.53885491. Calculated: 1279.53885480.
*** WARNING (version #e563127): /home/sek519/warm_starting/vws/../vpc/src/utility/nbspace.cpp:368: Ray 269: Calculated dot product with obj differs from solver's. Obj viol from solver: 2.14620553. Calculated: 2.14620541.
*** WARNING (version #e563127): /home/sek519/warm_starting/vws/../vpc/src/utility/nbspace.cpp:368: Ray 278: Calculated dot product with obj differs from solver's. Obj viol from solver: 0.58131632. Calculated: 0.58131617.
*** WARNING (version #e563127): /home/sek519/warm_starting/vws/../vpc/src/utility/nbspace.cpp:368: Ray 450: Calculated dot product with obj differs from solver's. Obj viol from solver: 8.70965748. Calculated: 8.70965737.
*** WARNING (version #e563127): /home/sek519/warm_starting/vws/../vpc/src/utility/nbspace.cpp:368: Ray 459: Calculated dot product with obj differs from solver's. Obj viol from solver: 4.86047120. Calculated: 4.86047131.
*** WARNING (version #e563127): /home/sek519/warm_starting/vws/../vpc/src/utility/nbspace.cpp:368: Ray 534: Calculated dot product with obj differs from solver's. Obj viol from solver: 1687.00196141. Calculated: 1687.00196130.
*** WARNING (version #e563127): /home/sek519/warm_starting/vws/../vpc/src/utility/nbspace.cpp:368: Ray 698: Calculated dot product with obj differs from solver's. Obj viol from solver: 2.10318864. Calculated: 2.10318851.
*** WARNING (version #e563127): /home/sek519/warm_starting/vws/../vpc/src/utility/nbspace.cpp:368: Ray 762: Calculated dot product with obj differs from solver's. Obj viol from solver: 1281.53885491. Calculated: 1281.53885480.
*** WARNING (version #e563127): /home/sek519/warm_starting/vws/../vpc/src/utility/nbspace.cpp:368: Ray 810: Calculated dot product with obj differs from solver's. Obj viol from solver: 1658.01523895. Calculated: 1658.01523884.
*** WARNING (version #e563127): /home/sek519/warm_starting/vws/../vpc/src/utility/nbspace.cpp:368: Ray 1202: Calculated dot product with obj differs from solver's. Obj viol from solver: 2.14620553. Calculated: 2.14620541.
*** WARNING (version #e563127): /home/sek519/warm_starting/vws/../vpc/src/utility/nbspace.cpp:368: Ray 1203: Calculated dot product with obj differs from solver's. Obj viol from solver: 0.14424759. Calculated: 0.14424748.
*** WARNING (version #e563127): /home/sek519/warm_starting/vws/../vpc/src/utility/nbspace.cpp:368: Ray 1278: Calculated dot product with obj differs from solver's. Obj viol from solver: 0.13952880. Calculated: 0.13952869.
*** WARNING (version #e563127): /home/sek519/warm_starting/vws/../vpc/src/utility/nbspace.cpp:368: Ray 1283: Calculated dot product with obj differs from solver's. Obj viol from solver: 0.33952083. Calculated: 0.33952094.
messed up a farkas cofficient
setting all farkas coefficients to 0
messed up a farkas cofficient
setting all farkas coefficients to 0
messed up a farkas cofficient
setting all farkas coefficients to 0
messed up a farkas cofficient
setting all farkas coefficients to 0
messed up a farkas cofficient
setting all farkas coefficients to 0
messed up a farkas cofficient
setting all farkas coefficients to 0
messed up a farkas cofficient
setting all farkas coefficients to 0
messed up a farkas cofficient
setting all farkas coefficients to 0
messed up a farkas cofficient
setting all farkas coefficients to 0
messed up a farkas cofficient
setting all farkas coefficients to 0
messed up a farkas cofficient
setting all farkas coefficients to 0
messed up a farkas cofficient
setting all farkas coefficients to 0
messed up a farkas cofficient
setting all farkas coefficients to 0
messed up a farkas cofficient
setting all farkas coefficients to 0
messed up a farkas cofficient
setting all farkas coefficients to 0
messed up a farkas cofficient
setting all farkas coefficients to 0
messed up a farkas cofficient
setting all farkas coefficients to 0
messed up a farkas cofficient
setting all farkas coefficients to 0
messed up a farkas cofficient
setting all farkas coefficients to 0
messed up a farkas cofficient
setting all farkas coefficients to 0
messed up a farkas cofficient
setting all farkas coefficients to 0
messed up a farkas cofficient
setting all farkas coefficients to 0
messed up a farkas cofficient
setting all farkas coefficients to 0
messed up a farkas cofficient
setting all farkas coefficients to 0
messed up a farkas cofficient
setting all farkas coefficients to 0
messed up a farkas cofficient
setting all farkas coefficients to 0
messed up a farkas cofficient
setting all farkas coefficients to 0
messed up a farkas cofficient
setting all farkas coefficients to 0
messed up a farkas cofficient
setting all farkas coefficients to 0
messed up a farkas cofficient
setting all farkas coefficients to 0
messed up a farkas cofficient
setting all farkas coefficients to 0
messed up a farkas cofficient
setting all farkas coefficients to 0
messed up a farkas cofficient
setting all farkas coefficients to 0
messed up a farkas cofficient
setting all farkas coefficients to 0
messed up a farkas cofficient
setting all farkas coefficients to 0
messed up a farkas cofficient
setting all farkas coefficients to 0
messed up a farkas cofficient
setting all farkas coefficients to 0
messed up a farkas cofficient
setting all farkas coefficients to 0
messed up a farkas cofficient
setting all farkas coefficients to 0
messed up a farkas cofficient
setting all farkas coefficients to 0
messed up a farkas cofficient
setting all farkas coefficients to 0
messed up a farkas cofficient
setting all farkas coefficients to 0
messed up a farkas cofficient
setting all farkas coefficients to 0
messed up a farkas cofficient
setting all farkas coefficients to 0
messed up a farkas cofficient
setting all farkas coefficients to 0
messed up a farkas cofficient
setting all farkas coefficients to 0
messed up a farkas cofficient
setting all farkas coefficients to 0
messed up a farkas cofficient
setting all farkas coefficients to 0
messed up a farkas cofficient
setting all farkas coefficients to 0
messed up a farkas cofficient
setting all farkas coefficients to 0
messed up a farkas cofficient
setting all farkas coefficients to 0
messed up a farkas cofficient
setting all farkas coefficients to 0
messed up a farkas cofficient
setting all farkas coefficients to 0
messed up a farkas cofficient
setting all farkas coefficients to 0
messed up a farkas cofficient
setting all farkas coefficients to 0
messed up a farkas cofficient
setting all farkas coefficients to 0
messed up a farkas cofficient
setting all farkas coefficients to 0
messed up a farkas cofficient
setting all farkas coefficients to 0
messed up a farkas cofficient
setting all farkas coefficients to 0
messed up a farkas cofficient
setting all farkas coefficients to 0
messed up a farkas cofficient
setting all farkas coefficients to 0
messed up a farkas cofficient
setting all farkas coefficients to 0
messed up a farkas cofficient
setting all farkas coefficients to 0
messed up a farkas cofficient
setting all farkas coefficients to 0
messed up a farkas cofficient
setting all farkas coefficients to 0
messed up a farkas cofficient
setting all farkas coefficients to 0
messed up a farkas cofficient
setting all farkas coefficients to 0
messed up a farkas cofficient
setting all farkas coefficients to 0
messed up a farkas cofficient
setting all farkas coefficients to 0
messed up a farkas cofficient
setting all farkas coefficients to 0
messed up a farkas cofficient
setting all farkas coefficients to 0
messed up a farkas cofficient
setting all farkas coefficients to 0
messed up a farkas cofficient
setting all farkas coefficients to 0
messed up a farkas cofficient
setting all farkas coefficients to 0
messed up a farkas cofficient
setting all farkas coefficients to 0
messed up a farkas cofficient
setting all farkas coefficients to 0
messed up a farkas cofficient
setting all farkas coefficients to 0
messed up a farkas cofficient
setting all farkas coefficients to 0
messed up a farkas cofficient
setting all farkas coefficients to 0
messed up a farkas cofficient
setting all farkas coefficients to 0
messed up a farkas cofficient
setting all farkas coefficients to 0
messed up a farkas cofficient
setting all farkas coefficients to 0
messed up a farkas cofficient
setting all farkas coefficients to 0
messed up a farkas cofficient
setting all farkas coefficients to 0
messed up a farkas cofficient
setting all farkas coefficients to 0
messed up a farkas cofficient
setting all farkas coefficients to 0
messed up a farkas cofficient
setting all farkas coefficients to 0
messed up a farkas cofficient
setting all farkas coefficients to 0
messed up a farkas cofficient
setting all farkas coefficients to 0
messed up a farkas cofficient
setting all farkas coefficients to 0
messed up a farkas cofficient
setting all farkas coefficients to 0
messed up a farkas cofficient
setting all farkas coefficients to 0
messed up a farkas cofficient
setting all farkas coefficients to 0
messed up a farkas cofficient
setting all farkas coefficients to 0
messed up a farkas cofficient
setting all farkas coefficients to 0
messed up a farkas cofficient
setting all farkas coefficients to 0
messed up a farkas cofficient
setting all farkas coefficients to 0
messed up a farkas cofficient
setting all farkas coefficients to 0
messed up a farkas cofficient
setting all farkas coefficients to 0
messed up a farkas cofficient
setting all farkas coefficients to 0
messed up a farkas cofficient
setting all farkas coefficients to 0
messed up a farkas cofficient
setting all farkas coefficients to 0
messed up a farkas cofficient
setting all farkas coefficients to 0
messed up a farkas cofficient
setting all farkas coefficients to 0
messed up a farkas cofficient
setting all farkas coefficients to 0
messed up a farkas cofficient
setting all farkas coefficients to 0
messed up a farkas cofficient
setting all farkas coefficients to 0
messed up a farkas cofficient
setting all farkas coefficients to 0
messed up a farkas cofficient
setting all farkas coefficients to 0
messed up a farkas cofficient
setting all farkas coefficients to 0
*** WARNING (version #e563127): /home/sek519/warm_starting/vws/../vpc/src/utility/nbspace.cpp:368: Ray 158: Calculated dot product with obj differs from solver's. Obj viol from solver: 1.77030980. Calculated: 1.77030966.
*** WARNING (version #e563127): /home/sek519/warm_starting/vws/../vpc/src/utility/nbspace.cpp:368: Ray 228: Calculated dot product with obj differs from solver's. Obj viol from solver: 0.56974808. Calculated: 0.56974821.
*** WARNING (version #e563127): /home/sek519/warm_starting/vws/../vpc/src/utility/nbspace.cpp:368: Ray 239: Calculated dot product with obj differs from solver's. Obj viol from solver: 5.03056159. Calculated: 5.03056173.
*** WARNING (version #e563127): /home/sek519/warm_starting/vws/../vpc/src/utility/nbspace.cpp:368: Ray 306: Calculated dot product with obj differs from solver's. Obj viol from solver: 4.59961178. Calculated: 4.59961188.
*** WARNING (version #e563127): /home/sek519/warm_starting/vws/../vpc/src/utility/nbspace.cpp:368: Ray 1131: Calculated dot product with obj differs from solver's. Obj viol from solver: 1.59961178. Calculated: 1.59961188.
*** WARNING (version #e563127): /home/sek519/warm_starting/vws/../vpc/src/utility/nbspace.cpp:368: Ray 158: Calculated dot product with obj differs from solver's. Obj viol from solver: 1.49653196. Calculated: 1.49653181.
*** WARNING (version #e563127): /home/sek519/warm_starting/vws/../vpc/src/utility/nbspace.cpp:368: Ray 299: Calculated dot product with obj differs from solver's. Obj viol from solver: 4.19258293. Calculated: 4.19258280.
*** WARNING (version #e563127): /home/sek519/warm_starting/vws/../vpc/src/utility/nbspace.cpp:368: Ray 304: Calculated dot product with obj differs from solver's. Obj viol from solver: 11.48497336. Calculated: 11.48497352.
*** WARNING (version #e563127): /home/sek519/warm_starting/vws/../vpc/src/utility/nbspace.cpp:368: Ray 1177: Calculated dot product with obj differs from solver's. Obj viol from solver: 3.93568154. Calculated: 3.93568143.
*** WARNING (version #e563127): /home/sek519/warm_starting/vws/../vpc/src/utility/nbspace.cpp:368: Ray 274: Calculated dot product with obj differs from solver's. Obj viol from solver: 1.22666885. Calculated: 1.22666875.
*** WARNING (version #e563127): /home/sek519/warm_starting/vws/../vpc/src/utility/nbspace.cpp:368: Ray 325: Calculated dot product with obj differs from solver's. Obj viol from solver: 3.57785628. Calculated: 3.57785641.
*** WARNING (version #e563127): /home/sek519/warm_starting/vws/../vpc/src/utility/nbspace.cpp:368: Ray 805: Calculated dot product with obj differs from solver's. Obj viol from solver: 3.57785628. Calculated: 3.57785641.
*** WARNING (version #e563127): /home/sek519/warm_starting/vws/../vpc/src/utility/nbspace.cpp:368: Ray 1201: Calculated dot product with obj differs from solver's. Obj viol from solver: 1.25650717. Calculated: 1.25650702.
*** WARNING (version #e563127): /home/sek519/warm_starting/vws/../vpc/src/utility/nbspace.cpp:368: Ray 16: Calculated dot product with obj differs from solver's. Obj viol from solver: 8.14204513. Calculated: 8.14204503.
*** WARNING (version #e563127): /home/sek519/warm_starting/vws/../vpc/src/utility/nbspace.cpp:368: Ray 22: Calculated dot product with obj differs from solver's. Obj viol from solver: 1.61981589. Calculated: 1.61981611.
*** WARNING (version #e563127): /home/sek519/warm_starting/vws/../vpc/src/utility/nbspace.cpp:368: Ray 49: Calculated dot product with obj differs from solver's. Obj viol from solver: 7.38387211. Calculated: 7.38387227.
*** WARNING (version #e563127): /home/sek519/warm_starting/vws/../vpc/src/utility/nbspace.cpp:368: Ray 268: Calculated dot product with obj differs from solver's. Obj viol from solver: 3.74353003. Calculated: 3.74352991.
*** WARNING (version #e563127): /home/sek519/warm_starting/vws/../vpc/src/utility/nbspace.cpp:368: Ray 698: Calculated dot product with obj differs from solver's. Obj viol from solver: 7.06409871. Calculated: 7.06409851.
*** WARNING (version #e563127): /home/sek519/warm_starting/vws/../vpc/src/utility/nbspace.cpp:368: Ray 1098: Calculated dot product with obj differs from solver's. Obj viol from solver: 1.77647810. Calculated: 1.77647825.
*** WARNING (version #e563127): /home/sek519/warm_starting/vws/../vpc/src/utility/nbspace.cpp:368: Ray 246: Calculated dot product with obj differs from solver's. Obj viol from solver: 6.53913782. Calculated: 6.53913770.
*** WARNING (version #e563127): /home/sek519/warm_starting/vws/../vpc/src/utility/nbspace.cpp:368: Ray 304: Calculated dot product with obj differs from solver's. Obj viol from solver: 6.78935786. Calculated: 6.78935797.
*** WARNING (version #e563127): /home/sek519/warm_starting/vws/../vpc/src/utility/nbspace.cpp:368: Ray 322: Calculated dot product with obj differs from solver's. Obj viol from solver: 1.39919532. Calculated: 1.39919518.
*** WARNING (version #e563127): /home/sek519/warm_starting/vws/../vpc/src/utility/nbspace.cpp:368: Ray 414: Calculated dot product with obj differs from solver's. Obj viol from solver: 6.28935786. Calculated: 6.28935797.
*** WARNING (version #e563127): /home/sek519/warm_starting/vws/../vpc/src/utility/nbspace.cpp:368: Ray 541: Calculated dot product with obj differs from solver's. Obj viol from solver: 3.22726523. Calculated: 3.22726533.
*** WARNING (version #e563127): /home/sek519/warm_starting/vws/../vpc/src/utility/nbspace.cpp:368: Ray 632: Calculated dot product with obj differs from solver's. Obj viol from solver: 14.53913782. Calculated: 14.53913770.
*** WARNING (version #e563127): /home/sek519/warm_starting/vws/../vpc/src/utility/nbspace.cpp:368: Ray 228: Calculated dot product with obj differs from solver's. Obj viol from solver: 8.56974813. Calculated: 8.56974833.
*** WARNING (version #e563127): /home/sek519/warm_starting/vws/../vpc/src/utility/nbspace.cpp:368: Ray 239: Calculated dot product with obj differs from solver's. Obj viol from solver: 5.03056163. Calculated: 5.03056175.
*** WARNING (version #e563127): /home/sek519/warm_starting/vws/../vpc/src/utility/nbspace.cpp:368: Ray 268: Calculated dot product with obj differs from solver's. Obj viol from solver: 8.86109527. Calculated: 8.86109539.
*** WARNING (version #e563127): /home/sek519/warm_starting/vws/../vpc/src/utility/nbspace.cpp:368: Ray 706: Calculated dot product with obj differs from solver's. Obj viol from solver: 4.86109527. Calculated: 4.86109539.
*** WARNING (version #e563127): /home/sek519/warm_starting/vws/../vpc/src/utility/nbspace.cpp:368: Ray 323: Calculated dot product with obj differs from solver's. Obj viol from solver: 1.77649788. Calculated: 1.77649774.
*** WARNING (version #e563127): /home/sek519/warm_starting/vws/../vpc/src/utility/nbspace.cpp:368: Ray 795: Calculated dot product with obj differs from solver's. Obj viol from solver: 1.77649788. Calculated: 1.77649774.
*** WARNING (version #e563127): /home/sek519/warm_starting/vws/../vpc/src/utility/nbspace.cpp:368: Ray 253: Calculated dot product with obj differs from solver's. Obj viol from solver: 8.39090233. Calculated: 8.39090247.
*** WARNING (version #e563127): /home/sek519/warm_starting/vws/../vpc/src/utility/nbspace.cpp:368: Ray 275: Calculated dot product with obj differs from solver's. Obj viol from solver: 6.58250723. Calculated: 6.58250712.
*** WARNING (version #e563127): /home/sek519/warm_starting/vws/../vpc/src/utility/nbspace.cpp:368: Ray 279: Calculated dot product with obj differs from solver's. Obj viol from solver: 4.20145243. Calculated: 4.20145233.
*** WARNING (version #e563127): /home/sek519/warm_starting/vws/../vpc/src/utility/nbspace.cpp:368: Ray 322: Calculated dot product with obj differs from solver's. Obj viol from solver: 0.55521221. Calculated: 0.55521234.
*** WARNING (version #e563127): /home/sek519/warm_starting/vws/../vpc/src/utility/nbspace.cpp:368: Ray 592: Calculated dot product with obj differs from solver's. Obj viol from solver: 3.20145243. Calculated: 3.20145233.
*** WARNING (version #e563127): /home/sek519/warm_starting/vws/../vpc/src/utility/nbspace.cpp:368: Ray 1269: Calculated dot product with obj differs from solver's. Obj viol from solver: 2.21379883. Calculated: 2.21379895.
*** WARNING (version #e563127): /home/sek519/warm_starting/vws/../vpc/src/utility/nbspace.cpp:368: Ray 1279: Calculated dot product with obj differs from solver's. Obj viol from solver: 0.41749277. Calculated: 0.41749288.
*** WARNING (version #e563127): /home/sek519/warm_starting/vws/../vpc/src/utility/nbspace.cpp:368: Ray 249: Calculated dot product with obj differs from solver's. Obj viol from solver: 2.74592297. Calculated: 2.74592284.
messed up a farkas cofficient
setting all farkas coefficients to 0
messed up a farkas cofficient
setting all farkas coefficients to 0
messed up a farkas cofficient
setting all farkas coefficients to 0
messed up a farkas cofficient
setting all farkas coefficients to 0
messed up a farkas cofficient
setting all farkas coefficients to 0
messed up a farkas cofficient
setting all farkas coefficients to 0
messed up a farkas cofficient
setting all farkas coefficients to 0
messed up a farkas cofficient
setting all farkas coefficients to 0
messed up a farkas cofficient
setting all farkas coefficients to 0
messed up a farkas cofficient
setting all farkas coefficients to 0
messed up a farkas cofficient
setting all farkas coefficients to 0
messed up a farkas cofficient
setting all farkas coefficients to 0
messed up a farkas cofficient
setting all farkas coefficients to 0
messed up a farkas cofficient
setting all farkas coefficients to 0
