*** WARNING (version #e563127): /home/sek519/warm_starting/vws/../vpc/src/cut/CglVPC.cpp:683: Nonbasic reduced cost should be >= 0 in the complemented nonbasic space. However, for nb var 235 (real var 300), it is -8.500263e-07. Small enough error that we only send warning.
*** WARNING (version #e563127): /home/sek519/warm_starting/vws/../vpc/src/cut/CglVPC.cpp:683: Nonbasic reduced cost should be >= 0 in the complemented nonbasic space. However, for nb var 366 (real var 451), it is -8.500524e-07. Small enough error that we only send warning.
*** WARNING (version #e563127): /home/sek519/warm_starting/vws/../vpc/src/utility/nbspace.cpp:354: Ray 300: dot product with obj < 0. Obj viol from solver: -0.00000085. Calculated: -0.00000085.
*** WARNING (version #e563127): /home/sek519/warm_starting/vws/../vpc/src/cut/CglVPC.cpp:1280: Term 2 ray 235 does not satisfy the objective cut. Activity: -0.00000085. RHS: 0.00000000. Small enough violation that we only send a warning.
*** WARNING (version #e563127): /home/sek519/warm_starting/vws/../vpc/src/utility/nbspace.cpp:354: Ray 451: dot product with obj < 0. Obj viol from solver: -0.00000085. Calculated: -0.00000085.
*** WARNING (version #e563127): /home/sek519/warm_starting/vws/../vpc/src/cut/CglVPC.cpp:1280: Term 2 ray 366 does not satisfy the objective cut. Activity: -0.00000085. RHS: 0.00000000. Small enough violation that we only send a warning.
messed up a farkas cofficient
setting all farkas coefficients to 0
messed up a farkas cofficient
setting all farkas coefficients to 0
messed up a farkas cofficient
setting all farkas coefficients to 0
messed up a farkas cofficient
setting all farkas coefficients to 0
messed up a farkas cofficient
setting all farkas coefficients to 0
messed up a farkas cofficient
setting all farkas coefficients to 0
messed up a farkas cofficient
setting all farkas coefficients to 0
messed up a farkas cofficient
setting all farkas coefficients to 0
messed up a farkas cofficient
setting all farkas coefficients to 0
messed up a farkas cofficient
setting all farkas coefficients to 0
messed up a farkas cofficient
setting all farkas coefficients to 0
messed up a farkas cofficient
setting all farkas coefficients to 0
messed up a farkas cofficient
setting all farkas coefficients to 0
messed up a farkas cofficient
setting all farkas coefficients to 0
messed up a farkas cofficient
setting all farkas coefficients to 0
messed up a farkas cofficient
setting all farkas coefficients to 0
messed up a farkas cofficient
setting all farkas coefficients to 0
messed up a farkas cofficient
setting all farkas coefficients to 0
messed up a farkas cofficient
setting all farkas coefficients to 0
messed up a farkas cofficient
setting all farkas coefficients to 0
messed up a farkas cofficient
setting all farkas coefficients to 0
messed up a farkas cofficient
setting all farkas coefficients to 0
*** WARNING (version #e563127): /home/sek519/warm_starting/vws/../vpc/src/utility/nbspace.cpp:368: Ray 49: Calculated dot product with obj differs from solver's. Obj viol from solver: 6.73539810. Calculated: 6.73539799.
*** WARNING (version #e563127): /home/sek519/warm_starting/vws/../vpc/src/utility/nbspace.cpp:368: Ray 50: Calculated dot product with obj differs from solver's. Obj viol from solver: 3.95439990. Calculated: 3.95439979.
*** WARNING (version #e563127): /home/sek519/warm_starting/vws/../vpc/src/utility/nbspace.cpp:368: Ray 158: Calculated dot product with obj differs from solver's. Obj viol from solver: 3.40623313. Calculated: 3.40623303.
*** WARNING (version #e563127): /home/sek519/warm_starting/vws/../vpc/src/utility/nbspace.cpp:368: Ray 236: Calculated dot product with obj differs from solver's. Obj viol from solver: 2.03405450. Calculated: 2.03405440.
*** WARNING (version #e563127): /home/sek519/warm_starting/vws/../vpc/src/utility/nbspace.cpp:368: Ray 277: Calculated dot product with obj differs from solver's. Obj viol from solver: 1.12414781. Calculated: 1.12414770.
*** WARNING (version #e563127): /home/sek519/warm_starting/vws/../vpc/src/utility/nbspace.cpp:368: Ray 280: Calculated dot product with obj differs from solver's. Obj viol from solver: 1.91568421. Calculated: 1.91568431.
*** WARNING (version #e563127): /home/sek519/warm_starting/vws/../vpc/src/utility/nbspace.cpp:368: Ray 301: Calculated dot product with obj differs from solver's. Obj viol from solver: 0.31136954. Calculated: 0.31136965.
*** WARNING (version #e563127): /home/sek519/warm_starting/vws/../vpc/src/utility/nbspace.cpp:368: Ray 306: Calculated dot product with obj differs from solver's. Obj viol from solver: 0.31136954. Calculated: 0.31136965.
*** WARNING (version #e563127): /home/sek519/warm_starting/vws/../vpc/src/utility/nbspace.cpp:368: Ray 542: Calculated dot product with obj differs from solver's. Obj viol from solver: 1.15551285. Calculated: 1.15551297.
*** WARNING (version #e563127): /home/sek519/warm_starting/vws/../vpc/src/utility/nbspace.cpp:368: Ray 760: Calculated dot product with obj differs from solver's. Obj viol from solver: 5.03405450. Calculated: 5.03405440.
*** WARNING (version #e563127): /home/sek519/warm_starting/vws/../vpc/src/utility/nbspace.cpp:368: Ray 515: Calculated dot product with obj differs from solver's. Obj viol from solver: 7.06167224. Calculated: 7.06167235.
*** WARNING (version #e563127): /home/sek519/warm_starting/vws/../vpc/src/utility/nbspace.cpp:368: Ray 706: Calculated dot product with obj differs from solver's. Obj viol from solver: 3.92007527. Calculated: 3.92007513.
messed up a farkas cofficient
setting all farkas coefficients to 0
messed up a farkas cofficient
setting all farkas coefficients to 0
messed up a farkas cofficient
setting all farkas coefficients to 0
messed up a farkas cofficient
setting all farkas coefficients to 0
messed up a farkas cofficient
setting all farkas coefficients to 0
messed up a farkas cofficient
setting all farkas coefficients to 0
messed up a farkas cofficient
setting all farkas coefficients to 0
messed up a farkas cofficient
setting all farkas coefficients to 0
messed up a farkas cofficient
setting all farkas coefficients to 0
messed up a farkas cofficient
setting all farkas coefficients to 0
messed up a farkas cofficient
setting all farkas coefficients to 0
messed up a farkas cofficient
setting all farkas coefficients to 0
messed up a farkas cofficient
setting all farkas coefficients to 0
messed up a farkas cofficient
setting all farkas coefficients to 0
messed up a farkas cofficient
setting all farkas coefficients to 0
messed up a farkas cofficient
setting all farkas coefficients to 0
messed up a farkas cofficient
setting all farkas coefficients to 0
messed up a farkas cofficient
setting all farkas coefficients to 0
messed up a farkas cofficient
setting all farkas coefficients to 0
messed up a farkas cofficient
setting all farkas coefficients to 0
*** WARNING (version #e563127): /home/sek519/warm_starting/vws/../vpc/src/utility/nbspace.cpp:368: Ray 228: Calculated dot product with obj differs from solver's. Obj viol from solver: 0.56974816. Calculated: 0.56974833.
*** WARNING (version #e563127): /home/sek519/warm_starting/vws/../vpc/src/utility/nbspace.cpp:368: Ray 88: Calculated dot product with obj differs from solver's. Obj viol from solver: 6.90173915. Calculated: 6.90173926.
*** WARNING (version #e563127): /home/sek519/warm_starting/vws/../vpc/src/utility/nbspace.cpp:368: Ray 305: Calculated dot product with obj differs from solver's. Obj viol from solver: 5.56691650. Calculated: 5.56691662.
*** WARNING (version #e563127): /home/sek519/warm_starting/vws/../vpc/src/utility/nbspace.cpp:368: Ray 330: Calculated dot product with obj differs from solver's. Obj viol from solver: 1.57967306. Calculated: 1.57967318.
*** WARNING (version #e563127): /home/sek519/warm_starting/vws/../vpc/src/utility/nbspace.cpp:368: Ray 331: Calculated dot product with obj differs from solver's. Obj viol from solver: 159.00988731. Calculated: 159.00988742.
*** WARNING (version #e563127): /home/sek519/warm_starting/vws/../vpc/src/utility/nbspace.cpp:368: Ray 541: Calculated dot product with obj differs from solver's. Obj viol from solver: 3.38793650. Calculated: 3.38793638.
*** WARNING (version #e563127): /home/sek519/warm_starting/vws/../vpc/src/utility/nbspace.cpp:368: Ray 253: Calculated dot product with obj differs from solver's. Obj viol from solver: 8.39090233. Calculated: 8.39090247.
*** WARNING (version #e563127): /home/sek519/warm_starting/vws/../vpc/src/utility/nbspace.cpp:368: Ray 275: Calculated dot product with obj differs from solver's. Obj viol from solver: 6.58250723. Calculated: 6.58250712.
*** WARNING (version #e563127): /home/sek519/warm_starting/vws/../vpc/src/utility/nbspace.cpp:368: Ray 279: Calculated dot product with obj differs from solver's. Obj viol from solver: 4.20145243. Calculated: 4.20145233.
*** WARNING (version #e563127): /home/sek519/warm_starting/vws/../vpc/src/utility/nbspace.cpp:368: Ray 322: Calculated dot product with obj differs from solver's. Obj viol from solver: 0.55521221. Calculated: 0.55521234.
*** WARNING (version #e563127): /home/sek519/warm_starting/vws/../vpc/src/utility/nbspace.cpp:368: Ray 592: Calculated dot product with obj differs from solver's. Obj viol from solver: 3.20145243. Calculated: 3.20145233.
*** WARNING (version #e563127): /home/sek519/warm_starting/vws/../vpc/src/utility/nbspace.cpp:368: Ray 1269: Calculated dot product with obj differs from solver's. Obj viol from solver: 2.21379883. Calculated: 2.21379895.
*** WARNING (version #e563127): /home/sek519/warm_starting/vws/../vpc/src/utility/nbspace.cpp:368: Ray 1279: Calculated dot product with obj differs from solver's. Obj viol from solver: 0.41749277. Calculated: 0.41749288.
*** WARNING (version #e563127): /home/sek519/warm_starting/vws/../vpc/src/utility/nbspace.cpp:368: Ray 249: Calculated dot product with obj differs from solver's. Obj viol from solver: 2.74592297. Calculated: 2.74592284.
messed up a farkas cofficient
setting all farkas coefficients to 0
messed up a farkas cofficient
setting all farkas coefficients to 0
messed up a farkas cofficient
setting all farkas coefficients to 0
messed up a farkas cofficient
setting all farkas coefficients to 0
messed up a farkas cofficient
setting all farkas coefficients to 0
messed up a farkas cofficient
setting all farkas coefficients to 0
messed up a farkas cofficient
setting all farkas coefficients to 0
messed up a farkas cofficient
setting all farkas coefficients to 0
messed up a farkas cofficient
setting all farkas coefficients to 0
messed up a farkas cofficient
setting all farkas coefficients to 0
messed up a farkas cofficient
setting all farkas coefficients to 0
messed up a farkas cofficient
setting all farkas coefficients to 0
messed up a farkas cofficient
setting all farkas coefficients to 0
messed up a farkas cofficient
setting all farkas coefficients to 0
messed up a farkas cofficient
setting all farkas coefficients to 0
messed up a farkas cofficient
setting all farkas coefficients to 0
messed up a farkas cofficient
setting all farkas coefficients to 0
messed up a farkas cofficient
setting all farkas coefficients to 0
messed up a farkas cofficient
setting all farkas coefficients to 0
messed up a farkas cofficient
setting all farkas coefficients to 0
messed up a farkas cofficient
setting all farkas coefficients to 0
messed up a farkas cofficient
setting all farkas coefficients to 0
messed up a farkas cofficient
setting all farkas coefficients to 0
messed up a farkas cofficient
setting all farkas coefficients to 0
messed up a farkas cofficient
setting all farkas coefficients to 0
messed up a farkas cofficient
setting all farkas coefficients to 0
messed up a farkas cofficient
setting all farkas coefficients to 0
messed up a farkas cofficient
setting all farkas coefficients to 0
messed up a farkas cofficient
setting all farkas coefficients to 0
messed up a farkas cofficient
setting all farkas coefficients to 0
messed up a farkas cofficient
setting all farkas coefficients to 0
messed up a farkas cofficient
setting all farkas coefficients to 0
messed up a farkas cofficient
setting all farkas coefficients to 0
messed up a farkas cofficient
setting all farkas coefficients to 0
messed up a farkas cofficient
setting all farkas coefficients to 0
messed up a farkas cofficient
setting all farkas coefficients to 0
messed up a farkas cofficient
setting all farkas coefficients to 0
messed up a farkas cofficient
setting all farkas coefficients to 0
messed up a farkas cofficient
setting all farkas coefficients to 0
messed up a farkas cofficient
setting all farkas coefficients to 0
messed up a farkas cofficient
setting all farkas coefficients to 0
messed up a farkas cofficient
setting all farkas coefficients to 0
messed up a farkas cofficient
setting all farkas coefficients to 0
messed up a farkas cofficient
setting all farkas coefficients to 0
messed up a farkas cofficient
setting all farkas coefficients to 0
messed up a farkas cofficient
setting all farkas coefficients to 0
messed up a farkas cofficient
setting all farkas coefficients to 0
messed up a farkas cofficient
setting all farkas coefficients to 0
