messed up a farkas cofficient
setting all farkas coefficients to 0
*** WARNING (version #e563127): /home/sek519/warm_starting/vws/../vpc/src/cut/CglVPC.cpp:683: Nonbasic reduced cost should be >= 0 in the complemented nonbasic space. However, for nb var 224 (real var 312), it is -6.653970e-07. Small enough error that we only send warning.
*** WARNING (version #e563127): /home/sek519/warm_starting/vws/../vpc/src/cut/CglVPC.cpp:683: Nonbasic reduced cost should be >= 0 in the complemented nonbasic space. However, for nb var 226 (real var 314), it is -6.654072e-07. Small enough error that we only send warning.
*** WARNING (version #e563127): /home/sek519/warm_starting/vws/../vpc/src/utility/nbspace.cpp:354: Ray 312: dot product with obj < 0. Obj viol from solver: -0.00000067. Calculated: -0.00000067.
*** WARNING (version #e563127): /home/sek519/warm_starting/vws/../vpc/src/cut/CglVPC.cpp:1280: Term 13 ray 224 does not satisfy the objective cut. Activity: -0.00000067. RHS: 0.00000000. Small enough violation that we only send a warning.
*** WARNING (version #e563127): /home/sek519/warm_starting/vws/../vpc/src/utility/nbspace.cpp:354: Ray 314: dot product with obj < 0. Obj viol from solver: -0.00000067. Calculated: -0.00000067.
*** WARNING (version #e563127): /home/sek519/warm_starting/vws/../vpc/src/cut/CglVPC.cpp:1280: Term 13 ray 226 does not satisfy the objective cut. Activity: -0.00000067. RHS: 0.00000000. Small enough violation that we only send a warning.
*** WARNING (version #e563127): /home/sek519/warm_starting/vws/../vpc/src/cut/CglVPC.cpp:683: Nonbasic reduced cost should be >= 0 in the complemented nonbasic space. However, for nb var 225 (real var 312), it is -6.653970e-07. Small enough error that we only send warning.
*** WARNING (version #e563127): /home/sek519/warm_starting/vws/../vpc/src/cut/CglVPC.cpp:683: Nonbasic reduced cost should be >= 0 in the complemented nonbasic space. However, for nb var 227 (real var 314), it is -6.654072e-07. Small enough error that we only send warning.
*** WARNING (version #e563127): /home/sek519/warm_starting/vws/../vpc/src/utility/nbspace.cpp:354: Ray 312: dot product with obj < 0. Obj viol from solver: -0.00000067. Calculated: -0.00000067.
*** WARNING (version #e563127): /home/sek519/warm_starting/vws/../vpc/src/cut/CglVPC.cpp:1280: Term 14 ray 225 does not satisfy the objective cut. Activity: -0.00000067. RHS: 0.00000000. Small enough violation that we only send a warning.
*** WARNING (version #e563127): /home/sek519/warm_starting/vws/../vpc/src/utility/nbspace.cpp:354: Ray 314: dot product with obj < 0. Obj viol from solver: -0.00000067. Calculated: -0.00000067.
*** WARNING (version #e563127): /home/sek519/warm_starting/vws/../vpc/src/cut/CglVPC.cpp:1280: Term 14 ray 227 does not satisfy the objective cut. Activity: -0.00000067. RHS: 0.00000000. Small enough violation that we only send a warning.
*** WARNING (version #e563127): /home/sek519/warm_starting/vws/../vpc/src/cut/CglVPC.cpp:683: Nonbasic reduced cost should be >= 0 in the complemented nonbasic space. However, for nb var 228 (real var 314), it is -2.441149e-07. Small enough error that we only send warning.
*** WARNING (version #e563127): /home/sek519/warm_starting/vws/../vpc/src/cut/CglVPC.cpp:683: Nonbasic reduced cost should be >= 0 in the complemented nonbasic space. However, for nb var 229 (real var 315), it is -5.985767e-07. Small enough error that we only send warning.
*** WARNING (version #e563127): /home/sek519/warm_starting/vws/../vpc/src/cut/CglVPC.cpp:683: Nonbasic reduced cost should be >= 0 in the complemented nonbasic space. However, for nb var 234 (real var 322), it is -2.441141e-07. Small enough error that we only send warning.
*** WARNING (version #e563127): /home/sek519/warm_starting/vws/../vpc/src/utility/nbspace.cpp:354: Ray 314: dot product with obj < 0. Obj viol from solver: -0.00000024. Calculated: -0.00000024.
*** WARNING (version #e563127): /home/sek519/warm_starting/vws/../vpc/src/cut/CglVPC.cpp:1280: Term 18 ray 228 does not satisfy the objective cut. Activity: -0.00000024. RHS: 0.00000000. Small enough violation that we only send a warning.
*** WARNING (version #e563127): /home/sek519/warm_starting/vws/../vpc/src/utility/nbspace.cpp:354: Ray 315: dot product with obj < 0. Obj viol from solver: -0.00000060. Calculated: -0.00000060.
*** WARNING (version #e563127): /home/sek519/warm_starting/vws/../vpc/src/cut/CglVPC.cpp:1280: Term 18 ray 229 does not satisfy the objective cut. Activity: -0.00000060. RHS: 0.00000000. Small enough violation that we only send a warning.
*** WARNING (version #e563127): /home/sek519/warm_starting/vws/../vpc/src/utility/nbspace.cpp:354: Ray 322: dot product with obj < 0. Obj viol from solver: -0.00000024. Calculated: -0.00000024.
*** WARNING (version #e563127): /home/sek519/warm_starting/vws/../vpc/src/cut/CglVPC.cpp:1280: Term 18 ray 234 does not satisfy the objective cut. Activity: -0.00000024. RHS: 0.00000000. Small enough violation that we only send a warning.
*** WARNING (version #e563127): /home/sek519/warm_starting/vws/../vpc/src/cut/CglVPC.cpp:683: Nonbasic reduced cost should be >= 0 in the complemented nonbasic space. However, for nb var 229 (real var 305), it is -4.438745e-07. Small enough error that we only send warning.
*** WARNING (version #e563127): /home/sek519/warm_starting/vws/../vpc/src/cut/CglVPC.cpp:683: Nonbasic reduced cost should be >= 0 in the complemented nonbasic space. However, for nb var 234 (real var 314), it is -4.438632e-07. Small enough error that we only send warning.
*** WARNING (version #e563127): /home/sek519/warm_starting/vws/../vpc/src/cut/CglVPC.cpp:683: Nonbasic reduced cost should be >= 0 in the complemented nonbasic space. However, for nb var 240 (real var 322), it is -4.438744e-07. Small enough error that we only send warning.
*** WARNING (version #e563127): /home/sek519/warm_starting/vws/../vpc/src/utility/nbspace.cpp:354: Ray 305: dot product with obj < 0. Obj viol from solver: -0.00000044. Calculated: -0.00000044.
*** WARNING (version #e563127): /home/sek519/warm_starting/vws/../vpc/src/cut/CglVPC.cpp:1280: Term 29 ray 229 does not satisfy the objective cut. Activity: -0.00000044. RHS: 0.00000000. Small enough violation that we only send a warning.
*** WARNING (version #e563127): /home/sek519/warm_starting/vws/../vpc/src/utility/nbspace.cpp:354: Ray 314: dot product with obj < 0. Obj viol from solver: -0.00000044. Calculated: -0.00000044.
*** WARNING (version #e563127): /home/sek519/warm_starting/vws/../vpc/src/cut/CglVPC.cpp:1280: Term 29 ray 234 does not satisfy the objective cut. Activity: -0.00000044. RHS: 0.00000000. Small enough violation that we only send a warning.
*** WARNING (version #e563127): /home/sek519/warm_starting/vws/../vpc/src/utility/nbspace.cpp:354: Ray 322: dot product with obj < 0. Obj viol from solver: -0.00000044. Calculated: -0.00000044.
*** WARNING (version #e563127): /home/sek519/warm_starting/vws/../vpc/src/cut/CglVPC.cpp:1280: Term 29 ray 240 does not satisfy the objective cut. Activity: -0.00000044. RHS: 0.00000000. Small enough violation that we only send a warning.
*** WARNING (version #e563127): /home/sek519/warm_starting/vws/../vpc/src/cut/CglVPC.cpp:683: Nonbasic reduced cost should be >= 0 in the complemented nonbasic space. However, for nb var 225 (real var 305), it is -2.217934e-07. Small enough error that we only send warning.
*** WARNING (version #e563127): /home/sek519/warm_starting/vws/../vpc/src/cut/CglVPC.cpp:683: Nonbasic reduced cost should be >= 0 in the complemented nonbasic space. However, for nb var 230 (real var 314), it is -2.217795e-07. Small enough error that we only send warning.
*** WARNING (version #e563127): /home/sek519/warm_starting/vws/../vpc/src/utility/nbspace.cpp:354: Ray 305: dot product with obj < 0. Obj viol from solver: -0.00000022. Calculated: -0.00000022.
*** WARNING (version #e563127): /home/sek519/warm_starting/vws/../vpc/src/cut/CglVPC.cpp:1280: Term 32 ray 225 does not satisfy the objective cut. Activity: -0.00000022. RHS: 0.00000000. Small enough violation that we only send a warning.
*** WARNING (version #e563127): /home/sek519/warm_starting/vws/../vpc/src/utility/nbspace.cpp:354: Ray 314: dot product with obj < 0. Obj viol from solver: -0.00000022. Calculated: -0.00000022.
*** WARNING (version #e563127): /home/sek519/warm_starting/vws/../vpc/src/cut/CglVPC.cpp:1280: Term 32 ray 230 does not satisfy the objective cut. Activity: -0.00000022. RHS: 0.00000000. Small enough violation that we only send a warning.
*** WARNING (version #e563127): /home/sek519/warm_starting/vws/../vpc/src/cut/CglVPC.cpp:683: Nonbasic reduced cost should be >= 0 in the complemented nonbasic space. However, for nb var 229 (real var 314), it is -2.441149e-07. Small enough error that we only send warning.
*** WARNING (version #e563127): /home/sek519/warm_starting/vws/../vpc/src/cut/CglVPC.cpp:683: Nonbasic reduced cost should be >= 0 in the complemented nonbasic space. However, for nb var 230 (real var 315), it is -5.985421e-07. Small enough error that we only send warning.
*** WARNING (version #e563127): /home/sek519/warm_starting/vws/../vpc/src/utility/nbspace.cpp:354: Ray 314: dot product with obj < 0. Obj viol from solver: -0.00000024. Calculated: -0.00000024.
*** WARNING (version #e563127): /home/sek519/warm_starting/vws/../vpc/src/cut/CglVPC.cpp:1280: Term 49 ray 229 does not satisfy the objective cut. Activity: -0.00000024. RHS: 0.00000000. Small enough violation that we only send a warning.
*** WARNING (version #e563127): /home/sek519/warm_starting/vws/../vpc/src/utility/nbspace.cpp:354: Ray 315: dot product with obj < 0. Obj viol from solver: -0.00000060. Calculated: -0.00000060.
*** WARNING (version #e563127): /home/sek519/warm_starting/vws/../vpc/src/cut/CglVPC.cpp:1280: Term 49 ray 230 does not satisfy the objective cut. Activity: -0.00000060. RHS: 0.00000000. Small enough violation that we only send a warning.
*** WARNING (version #e563127): /home/sek519/warm_starting/vws/../vpc/src/cut/CglVPC.cpp:683: Nonbasic reduced cost should be >= 0 in the complemented nonbasic space. However, for nb var 234 (real var 312), it is -6.643720e-07. Small enough error that we only send warning.
*** WARNING (version #e563127): /home/sek519/warm_starting/vws/../vpc/src/cut/CglVPC.cpp:683: Nonbasic reduced cost should be >= 0 in the complemented nonbasic space. However, for nb var 236 (real var 314), it is -6.649805e-07. Small enough error that we only send warning.
*** WARNING (version #e563127): /home/sek519/warm_starting/vws/../vpc/src/utility/nbspace.cpp:354: Ray 312: dot product with obj < 0. Obj viol from solver: -0.00000066. Calculated: -0.00000066.
*** WARNING (version #e563127): /home/sek519/warm_starting/vws/../vpc/src/cut/CglVPC.cpp:1280: Term 56 ray 234 does not satisfy the objective cut. Activity: -0.00000066. RHS: 0.00000000. Small enough violation that we only send a warning.
*** WARNING (version #e563127): /home/sek519/warm_starting/vws/../vpc/src/utility/nbspace.cpp:354: Ray 314: dot product with obj < 0. Obj viol from solver: -0.00000066. Calculated: -0.00000066.
*** WARNING (version #e563127): /home/sek519/warm_starting/vws/../vpc/src/cut/CglVPC.cpp:1280: Term 56 ray 236 does not satisfy the objective cut. Activity: -0.00000066. RHS: 0.00000000. Small enough violation that we only send a warning.
