60: cut: 333241	calc: 333241	diff: 1.08441e-07
*** WARNING (version #e563127): src/VwsUtility.cpp:298: Number of differences between true and calculated cuts: 1. Total difference: 1.08441e-07. Small enough difference that we will try to continue, but beware of numerical issues.
x:
x[0] = 0
x[1] = -0
x[2] = 0
x[3] = 0
x[4] = 0
x[5] = 0
x[6] = 0
x[7] = 0
x[8] = 0
x[9] = 0
x[10] = 0
x[11] = 0
x[12] = 0
x[13] = 0
x[14] = 0
x[15] = 0
x[16] = 0
x[17] = 0
x[18] = 0
x[19] = 0
x[20] = 0
x[21] = 0
x[22] = 0
x[23] = 0
x[24] = 0
x[25] = 0
x[26] = 0
x[27] = 0
x[28] = 0
x[29] = 0
x[30] = -148357
x[31] = -148357
x[32] = 0
x[33] = 1.48324e+09
x[34] = 1.48324e+09
x[35] = 0
x[36] = 0
x[37] = 0
x[38] = 0
x[39] = 0
x[40] = 0
x[41] = 0
x[42] = 0
x[43] = 0
x[44] = 0
x[45] = 0
x[46] = 0
x[47] = 0
x[48] = 0
x[49] = 0
x[50] = 0
x[51] = 0
x[52] = 0
x[53] = 0
x[54] = 0
x[55] = 0
x[56] = 0
x[57] = 0
x[58] = 0
x[59] = 0
x[60] = 0
x[61] = 0
x[62] = 0
x[63] = 0
x[64] = 0
x[65] = 0
x[66] = 0
x[67] = 0
x[68] = 0
x[69] = 0
x[70] = 0
x[71] = 0
x[72] = 0
x[73] = 0
x[74] = 0
x[75] = 0
x[76] = 0
x[77] = 0
x[78] = 0
x[79] = 0
x[80] = 0
x[81] = 0
x[82] = 0
x[83] = 0
x[84] = 0
x[85] = 0
x[86] = 0
x[87] = 0
x[88] = 0
x[89] = 0
x[90] = 0
x[91] = 0
x[92] = 0
x[93] = 0
x[94] = 0
x[95] = 0
x[96] = 0
x[97] = 0
x[98] = 0
x[99] = 0
x[100] = 0
x[101] = 0
x[102] = 0
x[103] = 0
x[104] = 0
x[105] = 0
x[106] = 0
x[107] = 0
x[108] = 0
x[109] = 0
x[110] = 0
x[111] = 0
x[112] = 0
x[113] = 0
x[114] = 0
x[115] = 0
x[116] = 0
x[117] = 0
x[118] = 0
x[119] = 0
x[120] = 0
x[121] = 0
x[122] = 0
x[123] = 0
x[124] = 0
x[125] = 0
x[126] = 0
x[127] = 0
x[128] = 0
x[129] = 0
x[130] = 0
x[131] = 0
x[132] = 0
x[133] = 0
x[134] = 0
x[135] = 0
x[136] = 0
x[137] = 0
x[138] = 0
x[139] = 0
x[140] = 0
x[141] = 0
x[142] = 0
x[143] = 0
x[144] = 0
x[145] = 0
x[146] = 0
x[147] = 0
x[148] = 0
x[149] = 0
x[150] = 0
x[151] = 0
x[152] = 0
x[153] = 0
x[154] = 0
x[155] = 0
x[156] = 0
x[157] = 0
x[158] = 0
x[159] = 0
x[160] = 0
x[161] = 0
x[162] = 0
x[163] = 0
x[164] = 0
x[165] = 0
x[166] = 0
x[167] = 0
x[168] = 0
x[169] = 0
x[170] = 0
x[171] = 0
x[172] = 0
x[173] = 0
x[174] = 0
x[175] = 0
x[176] = 0
x[177] = 0
x[178] = 0
x[179] = 0
x[180] = 0
x[181] = 0
x[182] = 0
x[183] = 0
x[184] = 0
x[185] = 0
x[186] = 0
x[187] = 0
x[188] = 0
x[189] = 0
x[190] = 0
x[191] = 0
x[192] = 0
x[193] = 0
x[194] = 0
x[195] = 0
x[196] = 0
x[197] = 0
x[198] = 0
x[199] = 0
x[200] = 0
x[201] = 0
x[202] = 0
x[203] = 0
x[204] = 0
x[205] = 0
x[206] = 0
x[207] = 0
x[208] = 0
x[209] = 0
x[210] = 0
x[211] = 0
x[212] = 0
x[213] = 0
x[214] = 0
x[215] = 0
x[216] = 0
x[217] = 0
x[218] = 0
x[219] = 0
x[220] = 0
x[221] = 0
x[222] = 0
x[223] = 0
x[224] = 0
x[225] = 0
x[226] = 0
x[227] = 0
x[228] = 0
x[229] = 0
x[230] = 0
x[231] = 0
x[232] = 0
x[233] = 0
x[234] = 0
x[235] = 0
x[236] = 0
x[237] = 0
x[238] = 0
x[239] = 0
x[240] = 0
x[241] = 0
x[242] = 0
x[243] = 0
x[244] = 0
x[245] = 0
x[246] = 0
x[247] = 0
x[248] = 0
x[249] = 0
x[250] = 0
x[251] = 0
x[252] = 0
x[253] = 0
x[254] = 0
x[255] = 0
x[256] = 0
x[257] = 0
x[258] = 0
x[259] = 0
x[260] = 0
x[261] = 0
x[262] = 0
x[263] = 0
x[264] = 0
x[265] = 0
x[266] = 0
x[267] = 0
x[268] = 0
x[269] = 0
x[270] = 0
x[271] = 0
x[272] = 0
x[273] = 0
x[274] = 0
x[275] = 0
x[276] = 0
x[277] = 0
x[278] = 0
x[279] = 0
x[280] = 0
x[281] = 0
x[282] = 0
x[283] = 0
x[284] = 0
x[285] = 0
x[286] = 0
x[287] = 0
x[288] = 0
x[289] = 0
x[290] = 0
x[291] = 0
x[292] = 0
x[293] = 0
x[294] = 0
x[295] = 0
x[296] = 0
x[297] = 0
x[298] = 0
x[299] = 0
x[300] = 0
x[301] = 0
x[302] = 0
x[303] = 0
x[304] = 0
x[305] = 0
x[306] = 0
x[307] = 0
x[308] = 0
x[309] = 0
x[310] = 0
x[311] = 0
x[312] = 0
x[313] = 0
x[314] = 0
x[315] = 0
x[316] = 0
x[317] = 0
x[318] = 0
x[319] = 0
x[320] = 0
x[321] = 0
x[322] = 0
x[323] = 0
x[324] = 0
x[325] = 0
x[326] = 0
x[327] = 0
x[328] = 0
x[329] = 0
x[330] = 0
x[331] = 0
x[332] = 0
x[333] = 0
x[334] = 0
x[335] = 0
x[336] = 0
x[337] = 0
x[338] = 0
x[339] = 0
x[340] = 0
x[341] = 0
x[342] = 0
x[343] = 0
x[344] = 0
x[345] = 0
x[346] = 0
x[347] = 0
x[348] = 0
x[349] = 0
x[350] = 0
x[351] = 0
x[352] = 0
x[353] = 0
x[354] = 0
x[355] = 0
x[356] = 0
x[357] = 0
x[358] = 0
x[359] = 0
x[360] = 0
x[361] = 0
x[362] = 0
x[363] = 0
x[364] = 0
x[365] = 0
x[366] = 0
x[367] = 0
x[368] = 0
x[369] = 0
x[370] = 0
x[371] = 0
x[372] = 0
x[373] = 0
x[374] = 0
x[375] = 0
x[376] = 0
x[377] = 0
x[378] = 0
x[379] = 0
x[380] = 0
x[381] = 0
x[382] = 0
x[383] = 0
x[384] = 0
x[385] = 0
x[386] = 0
x[387] = 0
x[388] = 0
x[389] = 0
x[390] = 0
x[391] = 0
x[392] = 0
x[393] = 0
x[394] = 0
x[395] = 0
x[396] = 0
x[397] = 0
x[398] = 0
x[399] = 0
x[400] = 0
x[401] = 0
x[402] = 0
x[403] = 0
x[404] = 0
x[405] = 0
x[406] = 0
x[407] = 0
x[408] = 0
x[409] = 0
x[410] = 0
x[411] = 0
x[412] = 0
x[413] = 0
x[414] = 0
x[415] = 0
x[416] = 0
x[417] = 0
x[418] = 0
x[419] = 0
x[420] = 0
x[421] = 0
x[422] = 0
x[423] = 0
x[424] = 0
x[425] = 0
x[426] = 0
x[427] = 0
x[428] = 0
x[429] = 0
x[430] = 0
x[431] = 0
x[432] = 0
x[433] = 0
x[434] = 0
x[435] = 0
b:
b[0] = 0
b[1] = 0
b[2] = 0
b[3] = 0
b[4] = 0
b[5] = 0
b[6] = 0
b[7] = 0
b[8] = 0
b[9] = 0
b[10] = 0
b[11] = 0
b[12] = 0
b[13] = 0
b[14] = 0
b[15] = 0
b[16] = 0
b[17] = 0
b[18] = 0
b[19] = 0
b[20] = 0
b[21] = 0
b[22] = 0
b[23] = 0
b[24] = 0
b[25] = 0
b[26] = 0
b[27] = 0
b[28] = 0
b[29] = 0
b[30] = 0
b[31] = 0
b[32] = 0
b[33] = 0
b[34] = 0
b[35] = 0
b[36] = 0
b[37] = 0
b[38] = -148357
b[39] = 148357
b[40] = 0
b[41] = 0
b[42] = 0
b[43] = 0
b[44] = 0
b[45] = 0
b[46] = 0
b[47] = 0
b[48] = 0
b[49] = 0
b[50] = 0
b[51] = 0
b[52] = 0
b[53] = 0
b[54] = 0
b[55] = 0
b[56] = 0
b[57] = 0
b[58] = 0
b[59] = 0
b[60] = 333241
b[61] = -333408
b[62] = 0
b[63] = 0
b[64] = 0
b[65] = 0
b[66] = 0
b[67] = 0
b[68] = 0
b[69] = 0
b[70] = 0
b[71] = 0
b[72] = 0
b[73] = 0
b[74] = 0
b[75] = 0
b[76] = 0
b[77] = 0
b[78] = 0
b[79] = 0
b[80] = 0
b[81] = 0
b[82] = 0
b[83] = 0
b[84] = 0
b[85] = 0
b[86] = 0
b[87] = 0
b[88] = 0
b[89] = 0
b[90] = 0
b[91] = 0
b[92] = 0
b[93] = 0
b[94] = 0
b[95] = 0
b[96] = 0
b[97] = 0
b[98] = 0
b[99] = 0
b[100] = 0
b[101] = 0
b[102] = 0
b[103] = 0
b[104] = 0
b[105] = 0
b[106] = 0
b[107] = 0
b[108] = 0
b[109] = 0
b[110] = 0
b[111] = 0
b[112] = 0
b[113] = 0
b[114] = 0
b[115] = 0
b[116] = 0
b[117] = 0
b[118] = 0
b[119] = 0
b[120] = 0
b[121] = 0
b[122] = 0
b[123] = 0
b[124] = 0
b[125] = 0
b[126] = 0
b[127] = 0
b[128] = 0
b[129] = 0
b[130] = 0
b[131] = 0
b[132] = 0
b[133] = 0
b[134] = 0
b[135] = 0
b[136] = 0
b[137] = 0
b[138] = 0
b[139] = 0
b[140] = 0
b[141] = 0
b[142] = 0
b[143] = 0
b[144] = 0
b[145] = 0
b[146] = 0
b[147] = 0
b[148] = 0
b[149] = 0
b[150] = 0
b[151] = 0
b[152] = 0
b[153] = 0
b[154] = 0
b[155] = 0
b[156] = 0
b[157] = 0
b[158] = 0
b[159] = 0
b[160] = 0
b[161] = 0
b[162] = 0
b[163] = 0
b[164] = 0
b[165] = 0
b[166] = 0
b[167] = 0
b[168] = 0
b[169] = 0
b[170] = 0
b[171] = 0
b[172] = 0
b[173] = 0
b[174] = 0
b[175] = 0
b[176] = 0
b[177] = 0
b[178] = 0
b[179] = 0
b[180] = 0
b[181] = 0
b[182] = 0
b[183] = 0
b[184] = 0
b[185] = 0
b[186] = 0
b[187] = 0
b[188] = 0
b[189] = 0
b[190] = 0
b[191] = 0
b[192] = 0
b[193] = 0
b[194] = 0
b[195] = 0
b[196] = 0
b[197] = 0
b[198] = 0
b[199] = 0
b[200] = 0
b[201] = 0
b[202] = 0
b[203] = 0
b[204] = 0
b[205] = 0
b[206] = 0
b[207] = 0
b[208] = 0
b[209] = 0
b[210] = 0
b[211] = 0
b[212] = 0
b[213] = 0
b[214] = 0
b[215] = 0
b[216] = 0
b[217] = 0
b[218] = 0
b[219] = 0
b[220] = 0
b[221] = 0
b[222] = 0
b[223] = 0
b[224] = 0
b[225] = 0
b[226] = 0
b[227] = 0
b[228] = 0
b[229] = 0
b[230] = 0
b[231] = 0
b[232] = 0
b[233] = 0
b[234] = 0
b[235] = 0
b[236] = 0
b[237] = 0
b[238] = 0
b[239] = 0
b[240] = 0
b[241] = 0
b[242] = 0
b[243] = 0
b[244] = 0
b[245] = 0
b[246] = 0
b[247] = 0
b[248] = 0
b[249] = 0
b[250] = 0
b[251] = 0
b[252] = 0
b[253] = 0
b[254] = 0
b[255] = 0
b[256] = 0
b[257] = 0
b[258] = 0
b[259] = 0
b[260] = 0
b[261] = 0
b[262] = 0
b[263] = 0
b[264] = 0
b[265] = 0
b[266] = 0
b[267] = 0
b[268] = 0
b[269] = 0
b[270] = 0
b[271] = 0
b[272] = 0
b[273] = 0
b[274] = 0
b[275] = 0
b[276] = 0
b[277] = 0
b[278] = 0
b[279] = 0
b[280] = 0
b[281] = 0
b[282] = 0
b[283] = 0
b[284] = 0
b[285] = 0
b[286] = 0
b[287] = 0
b[288] = 0
b[289] = 0
b[290] = 0
b[291] = 0
b[292] = 0
b[293] = 0
b[294] = 0
b[295] = 0
b[296] = 0
b[297] = 0
b[298] = 0
b[299] = 0
b[300] = 0
b[301] = 0
b[302] = 0
b[303] = 0
b[304] = 0
b[305] = 0
b[306] = 0
b[307] = 0
b[308] = 0
b[309] = 0
b[310] = 0
b[311] = 0
b[312] = 0
b[313] = 0
b[314] = 0
b[315] = 0
b[316] = 0
b[317] = 0
b[318] = 0
b[319] = 0
b[320] = 0
b[321] = 0
b[322] = 0
b[323] = 0
b[324] = 0
b[325] = 0
b[326] = 0
b[327] = 0
b[328] = 0
b[329] = 0
b[330] = 0
b[331] = 0
b[332] = 0
b[333] = 0
b[334] = 0
b[335] = 0
b[336] = 0
b[337] = 0
b[338] = 0
b[339] = 0
b[340] = 0
b[341] = 0
b[342] = 0
b[343] = 0
b[344] = 0
b[345] = 0
b[346] = 0
b[347] = 0
b[348] = 0
b[349] = 0
b[350] = 0
b[351] = 0
b[352] = 0
b[353] = 0
b[354] = 0
b[355] = 0
b[356] = 0
b[357] = 0
b[358] = 0
b[359] = 0
b[360] = 0
b[361] = 0
b[362] = 0
b[363] = 0
b[364] = 0
b[365] = 0
b[366] = 0
b[367] = 0
b[368] = 0
b[369] = 0
b[370] = 0
b[371] = 0
b[372] = 0
b[373] = 0
b[374] = 0
b[375] = 0
b[376] = 0
b[377] = 0
b[378] = 0
b[379] = 0
b[380] = 0
b[381] = 0
b[382] = 0
b[383] = 0
b[384] = 0
b[385] = 0
b[386] = 0
b[387] = 0
b[388] = 0
b[389] = 0
b[390] = 0
b[391] = 0
b[392] = 0
b[393] = 0
b[394] = 0
b[395] = 0
b[396] = 0
b[397] = 0
b[398] = 0
b[399] = 0
b[400] = 0
b[401] = 0
b[402] = 0
b[403] = 0
b[404] = 0
b[405] = 0
b[406] = 0
b[407] = 0
b[408] = 0
b[409] = 0
b[410] = 0
b[411] = 0
b[412] = 0
b[413] = 0
b[414] = 0
b[415] = 0
b[416] = 0
b[417] = 0
b[418] = 0
b[419] = 0
b[420] = 0
b[421] = 0
b[422] = 0
b[423] = 0
b[424] = 0
b[425] = 0
b[426] = 0
b[427] = 0
b[428] = 0
b[429] = 0
b[430] = 0
b[431] = 0
b[432] = 0
b[433] = 0
b[434] = 0
b[435] = 0
v:
v[0] = 0
v[1] = -0
v[2] = 0
v[3] = 0
v[4] = 0
v[5] = 0
v[6] = 0
v[7] = 0
v[8] = 0
v[9] = 0
v[10] = 0
v[11] = 0
v[12] = 0
v[13] = 0
v[14] = 0
v[15] = 0
v[16] = 0
v[17] = 0
v[18] = 0
v[19] = 0
v[20] = 0
v[21] = 0
v[22] = 0
v[23] = 0
v[24] = 0
v[25] = 0
v[26] = 0
v[27] = 0
v[28] = 0
v[29] = 0
v[30] = 0
v[31] = 0
v[32] = 0
v[33] = 0
v[34] = 0
v[35] = 0
v[36] = 0
v[37] = 0
v[38] = 0
v[39] = 0
v[40] = 0
v[41] = 0
v[42] = 0
v[43] = 0
v[44] = 0
v[45] = 0
v[46] = 0
v[47] = 0
v[48] = 0
v[49] = 0
v[50] = 0
v[51] = 0
v[52] = 0
v[53] = 0
v[54] = 0
v[55] = 0
v[56] = 0
v[57] = 0
v[58] = 0
v[59] = -148357
v[60] = 0
v[61] = 0
v[62] = 0
v[63] = 0
v[64] = 0
v[65] = 0
v[66] = 0
v[67] = 0
v[68] = 0
v[69] = 0
v[70] = 0
v[71] = 0
v[72] = 0
v[73] = 0
v[74] = 0
v[75] = 0
v[76] = 0
v[77] = 0
v[78] = 0
v[79] = 0
v[80] = 0
v[81] = 0
v[82] = 0
v[83] = 0
v[84] = 0
v[85] = 0
v[86] = 0
v[87] = 0
v[88] = 0
v[89] = 0
v[90] = 0
v[91] = 0
v[92] = 0
v[93] = 0
v[94] = 0
v[95] = 0
v[96] = 0
v[97] = 0
v[98] = 0
v[99] = 0
v[100] = 0
v[101] = 0
v[102] = 0
v[103] = 0
v[104] = 0
v[105] = 0
v[106] = 0
v[107] = 0
v[108] = 0
v[109] = 0
v[110] = 0
v[111] = 0
v[112] = 0
v[113] = 0
v[114] = 0
v[115] = 0
v[116] = 0
v[117] = 0
v[118] = 0
v[119] = 0
v[120] = 0
v[121] = 0
v[122] = 0
v[123] = 0
v[124] = 0
v[125] = 0
v[126] = 0
v[127] = 0
v[128] = 0
v[129] = 0
v[130] = 0
v[131] = 0
v[132] = 0
v[133] = 0
v[134] = 0
v[135] = 0
v[136] = 0
v[137] = 0
v[138] = 0
v[139] = 0
v[140] = 0
v[141] = 0
v[142] = 0
v[143] = 0
v[144] = 0
v[145] = 0
v[146] = 0
v[147] = 0
v[148] = 0
v[149] = 0
v[150] = 0
v[151] = 0
v[152] = 0
v[153] = 0
v[154] = 0
v[155] = 0
v[156] = 0
v[157] = 0
v[158] = 0
v[159] = 0
v[160] = 0
v[161] = 0
v[162] = 0
v[163] = 0
v[164] = 0
v[165] = 0
v[166] = 0
v[167] = 0
v[168] = 0
v[169] = 0
v[170] = 0
v[171] = 0
v[172] = 0
v[173] = 0
v[174] = 0
v[175] = 0
v[176] = 0
v[177] = 0
v[178] = 0
v[179] = 0
v[180] = 0
v[181] = 0
v[182] = 0
v[183] = 0
v[184] = 0
v[185] = 0
v[186] = 0
v[187] = 0
v[188] = 0
v[189] = 0
v[190] = 0
v[191] = 0
v[192] = 0
v[193] = 0
v[194] = 0
v[195] = 0
v[196] = 0
v[197] = 0
v[198] = 0
v[199] = 0
v[200] = 0
v[201] = 0
v[202] = 0
v[203] = 0
v[204] = 0
v[205] = 0
v[206] = 0
v[207] = 0
v[208] = 0
v[209] = 0
v[210] = 0
v[211] = 0
v[212] = 0
v[213] = 0
v[214] = 0
v[215] = 0
v[216] = 0
v[217] = 0
v[218] = 0
v[219] = 0
v[220] = 0
v[221] = 0
v[222] = 0
v[223] = 0
v[224] = 0
v[225] = 0
v[226] = 0
v[227] = 0
v[228] = 0
v[229] = 0
v[230] = 0
v[231] = 0
v[232] = 0
v[233] = 0
v[234] = 0
v[235] = 0
v[236] = 0
v[237] = 0
v[238] = 0
v[239] = 0
v[240] = 0
v[241] = 0
v[242] = 0
v[243] = 0
v[244] = 0
v[245] = 0
v[246] = 0
v[247] = 0
v[248] = 0
v[249] = 0
v[250] = 0
v[251] = 0
v[252] = 0
v[253] = 0
v[254] = 0
v[255] = 0
v[256] = 0
v[257] = 0
v[258] = 0
v[259] = 0
v[260] = 0
v[261] = 0
v[262] = 0
v[263] = 0
v[264] = 0
v[265] = 0
v[266] = 0
v[267] = 0
v[268] = 0
v[269] = 0
v[270] = 0
v[271] = 0
v[272] = 0
v[273] = 0
v[274] = 0
v[275] = 0
v[276] = 0
v[277] = 0
v[278] = 0
v[279] = 0
v[280] = 0
v[281] = 0
v[282] = 0
v[283] = 0
v[284] = 0
v[285] = 0
v[286] = 0
v[287] = 0
v[288] = 0
v[289] = 0
v[290] = 0
v[291] = 0
v[292] = 0
v[293] = 0
v[294] = 0
v[295] = 0
v[296] = 0
v[297] = 0
v[298] = 0
v[299] = 0
v[300] = 0
v[301] = 0
v[302] = 0
v[303] = 0
v[304] = 0
v[305] = 0
v[306] = 0
v[307] = 0
v[308] = 0
v[309] = 0
v[310] = 0
v[311] = 0
v[312] = 0
v[313] = 0
v[314] = 0
v[315] = 0
v[316] = 0
v[317] = 0
v[318] = 0
v[319] = 0
v[320] = 0
v[321] = 0
v[322] = 0
v[323] = 0
v[324] = 0
v[325] = 0
v[326] = 0
v[327] = 0
v[328] = 0
v[329] = 0
v[330] = 0
v[331] = 0
v[332] = 0
v[333] = 0
v[334] = 0
v[335] = 0
v[336] = 0
v[337] = 0
v[338] = 0
v[339] = 0
v[340] = 0
v[341] = 0
v[342] = 0
v[343] = 0
v[344] = 0
v[345] = 0
v[346] = 0
v[347] = 0
v[348] = 0
v[349] = 0
v[350] = 0
v[351] = 0
v[352] = 0
v[353] = 0
v[354] = 0
v[355] = 0
v[356] = 0
v[357] = 0
v[358] = 0
v[359] = 0
v[360] = 0
v[361] = 0
v[362] = 0
v[363] = 0
v[364] = 0
v[365] = 0
v[366] = 0
v[367] = 0
v[368] = 0
v[369] = 0
v[370] = 0
v[371] = 0
v[372] = 0
v[373] = 0
v[374] = 0
v[375] = 0
v[376] = 0
v[377] = 0
v[378] = 0
v[379] = 0
v[380] = 0
v[381] = 0
v[382] = 0
v[383] = 0
v[384] = 0
v[385] = 0
v[386] = 0
v[387] = 0
v[388] = 0
v[389] = 0
v[390] = 0
v[391] = 0
v[392] = 0
v[393] = 0
v[394] = 0
v[395] = 0
v[396] = 0
v[397] = 0
v[398] = 0
v[399] = 0
v[400] = 0
v[401] = 0
v[402] = 0
v[403] = 0
v[404] = 0
v[405] = 0
v[406] = 0
v[407] = 0
v[408] = 0
v[409] = 0
v[410] = 0
v[411] = 0
v[412] = 0
v[413] = 0
v[414] = 0
v[415] = 0
v[416] = 0
v[417] = 0
v[418] = 0
v[419] = 0
v[420] = 0
v[421] = 0
v[422] = 0
v[423] = 0
v[424] = 0
v[425] = 0
v[426] = 0
v[427] = 0
v[428] = 0
v[429] = 0
v[430] = 0
v[431] = 0
v[432] = 0
v[433] = 0
v[434] = 0
v[435] = 0
v[436] = 0
v[437] = 0
v[438] = 0
v[439] = 0
v[440] = 0
v[441] = 0
v[442] = 0
v[443] = 0
v[444] = 0
v[445] = 0
v[446] = 0
v[447] = 0
v[448] = 0
v[449] = 0
v[450] = 0
v[451] = 0
v[452] = 0
v[453] = 0
v[454] = -148357
v[455] = 0
v[456] = 0
v[457] = 0
v[458] = 0
v[459] = 0
v[460] = 0
v[461] = 0
v[462] = 0
v[463] = 0
v[464] = 0
v[465] = 0
v[466] = 0
v[467] = 0
v[468] = 0
v[469] = 0
v[470] = 0
v[471] = 0
v[472] = 0
v[473] = 0
v[474] = 0
v[475] = 0
v[476] = 0
v[477] = 0
v[478] = 0
v[479] = 0
v[480] = 0
v[481] = 0
v[482] = 0
v[483] = 0
v[484] = 0
v[485] = 0
v[486] = 0
v[487] = 0
v[488] = 0
v[489] = 0
v[490] = 0
v[491] = 0
v[492] = 0
v[493] = 0
v[494] = 0
v[495] = 0
v[496] = 0
v[497] = 0
v[498] = 0
v[499] = 0
v[500] = 0
v[501] = 0
v[502] = 0
v[503] = 0
v[504] = 0
v[505] = 0
v[506] = 0
v[507] = 0
v[508] = 0
v[509] = 0
v[510] = 0
v[511] = 0
v[512] = 0
v[513] = 0
v[514] = 0
v[515] = 0
v[516] = 0
v[517] = 0
v[518] = 0
v[519] = 0
v[520] = 0
v[521] = 0
v[522] = 0
v[523] = 0
v[524] = 0
v[525] = 0
v[526] = 0
v[527] = 0
v[528] = 0
v[529] = 0
v[530] = 0
v[531] = 0
v[532] = 0
v[533] = 0
v[534] = 0
v[535] = 0
v[536] = 0
v[537] = 0
v[538] = 0
v[539] = 0
v[540] = 0
v[541] = 0
v[542] = 0
v[543] = 0
v[544] = 0
v[545] = 0
v[546] = 0
v[547] = 0
v[548] = 0
v[549] = 0
v[550] = 0
v[551] = 0
v[552] = 0
v[553] = 0
v[554] = 0
v[555] = 0
v[556] = 0
v[557] = 0
v[558] = 0
v[559] = 0
v[560] = 0
v[561] = 0
v[562] = 0
v[563] = 0
v[564] = 0
v[565] = 0
v[566] = 0
v[567] = 0
v[568] = 0
v[569] = 0
v[570] = 0
v[571] = 0
v[572] = 0
v[573] = 0
v[574] = 0
v[575] = 0
v[576] = 0
v[577] = 0
v[578] = 0
v[579] = 0
v[580] = 0
v[581] = 0
v[582] = 0
v[583] = 0
v[584] = 0
v[585] = 0
v[586] = 0
v[587] = 0
v[588] = 0
v[589] = 0
v[590] = 0
v[591] = 0
v[592] = 0
v[593] = 0
v[594] = 0
v[595] = 0
v[596] = 0
v[597] = 0
v[598] = 0
v[599] = 0
v[600] = 0
v[601] = 0
v[602] = 0
v[603] = 0
v[604] = 0
v[605] = 0
v[606] = 0
v[607] = 0
v[608] = 0
v[609] = 0
v[610] = 0
v[611] = 0
v[612] = 0
v[613] = 0
v[614] = 0
v[615] = 0
v[616] = 0
v[617] = 0
v[618] = 0
v[619] = 0
v[620] = 0
v[621] = 0
v[622] = 0
v[623] = 0
v[624] = 0
v[625] = 0
v[626] = 0
v[627] = 0
v[628] = 0
v[629] = 0
v[630] = 0
v[631] = 0
v[632] = 0
v[633] = 0
v[634] = 0
v[635] = 0
v[636] = 0
v[637] = 0
v[638] = 0
v[639] = 0
v[640] = 0
v[641] = 0
v[642] = 0
v[643] = 0
v[644] = 0
v[645] = 0
v[646] = 0
v[647] = 0
v[648] = 0
v[649] = 0
v[650] = 0
v[651] = 0
v[652] = 0
v[653] = 0
v[654] = 0
v[655] = 0
v[656] = 0
v[657] = 0
v[658] = 0
v[659] = 0
v[660] = 0
v[661] = 0
v[662] = 0
v[663] = 0
v[664] = 0
v[665] = 0
v[666] = 0
v[667] = 0
v[668] = 0
v[669] = 0
v[670] = 0
v[671] = 0
v[672] = 0
v[673] = 0
v[674] = 0
v[675] = 0
v[676] = 0
v[677] = 0
v[678] = 0
v[679] = 0
v[680] = 0
v[681] = 0
v[682] = 0
v[683] = 0
v[684] = 0
v[685] = 0
v[686] = 0
v[687] = 0
v[688] = 0
v[689] = 0
v[690] = 0
v[691] = 0
v[692] = 0
v[693] = 0
v[694] = 0
v[695] = 0
v[696] = 0
v[697] = 0
v[698] = 0
v[699] = 0
v[700] = 0
v[701] = 0
v[702] = 0
v[703] = 0
v[704] = 0
v[705] = 0
v[706] = 0
v[707] = 0
v[708] = 0
v[709] = 0
v[710] = 0
v[711] = 0
v[712] = 0
v[713] = 0
v[714] = 0
v[715] = 0
v[716] = 0
v[717] = 0
v[718] = 0
v[719] = 0
v[720] = 0
v[721] = 0
v[722] = 0
v[723] = 0
v[724] = 0
v[725] = 0
v[726] = 0
v[727] = 0
v[728] = 0
v[729] = 0
v[730] = 0
v[731] = 0
v[732] = 0
v[733] = 0
v[734] = 0
v[735] = 0
v[736] = 0
v[737] = 0
v[738] = 0
v[739] = 0
v[740] = 0
v[741] = 0
v[742] = 0
v[743] = 0
v[744] = 0
v[745] = 0
v[746] = 0
v[747] = 0
v[748] = 0
v[749] = 0
v[750] = 0
v[751] = 0
v[752] = 0
v[753] = 0
v[754] = 0
v[755] = 0
v[756] = 0
v[757] = 0
v[758] = 0
v[759] = 0
v[760] = 0
v[761] = 0
v[762] = 0
v[763] = 0
v[764] = 0
v[765] = 0
v[766] = 0
v[767] = 0
v[768] = 0
v[769] = 0
v[770] = 0
v[771] = 0
v[772] = 0
v[773] = 0
v[774] = 0
v[775] = 0
v[776] = 0
v[777] = 0
v[778] = 0
v[779] = 0
v[780] = 0
v[781] = 0
v[782] = 0
v[783] = 0
v[784] = 0
v[785] = 0
v[786] = 0
v[787] = 0
v[788] = 0
v[789] = 0
v[790] = 0
v[791] = 0
v[792] = 0
v[793] = 0
v[794] = 0
v[795] = 0
v[796] = 0
v[797] = 0
v[798] = 0
v[799] = 0
v[800] = 0
v[801] = 0
v[802] = 0
v[803] = 0
v[804] = 0
v[805] = 0
v[806] = 0
v[807] = 0
v[808] = 0
v[809] = 0
v[810] = 0
v[811] = 0
v[812] = 0
v[813] = 0
v[814] = 0
v[815] = 0
v[816] = 0
v[817] = 0
v[818] = 0
v[819] = 0
v[820] = 0
v[821] = 0
v[822] = 0
v[823] = 0
v[824] = 0
v[825] = 0
v[826] = 0
v[827] = 0
v[828] = 0
v[829] = 0
v[830] = 1.48324e+09
v[831] = 1.48324e+09
v[832] = 0
v[833] = 0
v[834] = 0
v[835] = 0
v[836] = 0
v[837] = 0
v[838] = 0
v[839] = 0
v[840] = 0
v[841] = 0
v[842] = 0
v[843] = 0
v[844] = 0
v[845] = 0
v[846] = 0
v[847] = 0
v[848] = 0
v[849] = 0
v[850] = 0
v[851] = 0
v[852] = 0
v[853] = 0
v[854] = 0
v[855] = 0
v[856] = 0
v[857] = 0
v[858] = 0
v[859] = 0
v[860] = 0
v[861] = 0
v[862] = 0
v[863] = 0
v[864] = 0
v[865] = 0
v[866] = 0
v[867] = 0
v[868] = 0
v[869] = 0
v[870] = 0
v[871] = 0
v[872] = 0
v[873] = 0
v[874] = 0
v[875] = 0
v[876] = 0
v[877] = 0
v[878] = 0
v[879] = 0
v[880] = 0
v[881] = 0
v[882] = 0
v[883] = 0
v[884] = 0
v[885] = 0
v[886] = 0
v[887] = 0
v[888] = 0
v[889] = 0
v[890] = 0
v[891] = 0
v[892] = 0
v[893] = 0
v[894] = 0
v[895] = 0
v[896] = 0
v[897] = 0
v[898] = 0
v[899] = 0
v[900] = 0
v[901] = 0
v[902] = 0
v[903] = 0
v[904] = 0
v[905] = 0
v[906] = 0
v[907] = 0
v[908] = 0
v[909] = 0
v[910] = 0
v[911] = 0
v[912] = 0
v[913] = 0
v[914] = 0
v[915] = 0
v[916] = 0
v[917] = 0
v[918] = 0
v[919] = 0
v[920] = 0
v[921] = 0
v[922] = 0
v[923] = 0
v[924] = 0
v[925] = 0
v[926] = 0
v[927] = 0
v[928] = 0
v[929] = 0
v[930] = 0
v[931] = 0
v[932] = 0
v[933] = 0
v[934] = 0
v[935] = 0
v[936] = 0
v[937] = 0
v[938] = 0
v[939] = 0
v[940] = 0
v[941] = 0
v[942] = 0
v[943] = 0
v[944] = 0
v[945] = 0
v[946] = 0
v[947] = 0
v[948] = 0
v[949] = 0
v[950] = 0
v[951] = 0
v[952] = 0
v[953] = 0
v[954] = 0
v[955] = 0
v[956] = 0
v[957] = 0
v[958] = 0
v[959] = 0
v[960] = 0
v[961] = 0
v[962] = 0
v[963] = 0
v[964] = 0
v[965] = 0
v[966] = 0
v[967] = 0
v[968] = 0
v[969] = 0
v[970] = 0
v[971] = 0
v[972] = 0
v[973] = 0
v[974] = 0
v[975] = 0
v[976] = 0
v[977] = 0
v[978] = 0
v[979] = 0
v[980] = 0
v[981] = 0
v[982] = 0
v[983] = 0
v[984] = 0
v[985] = 0
v[986] = 0
v[987] = 0
v[988] = 0
v[989] = 0
v[990] = 0
v[991] = 0
v[992] = 0
v[993] = 0
v[994] = 0
v[995] = 0
v[996] = 0
v[997] = 0
v[998] = 0
v[999] = 0
v[1000] = 0
v[1001] = 0
v[1002] = 0
v[1003] = 0
v[1004] = 0
v[1005] = 0
v[1006] = 0
v[1007] = 0
v[1008] = 0
v[1009] = 0
v[1010] = 0
v[1011] = 0
v[1012] = 0
v[1013] = 0
v[1014] = 0
v[1015] = 0
v[1016] = 0
v[1017] = 0
v[1018] = 0
v[1019] = 0
v[1020] = 0
v[1021] = 0
v[1022] = 0
v[1023] = 0
v[1024] = 0
v[1025] = 0
v[1026] = 0
v[1027] = 0
v[1028] = 0
v[1029] = 0
v[1030] = 0
v[1031] = 0
v[1032] = 0
v[1033] = 0
v[1034] = 0
v[1035] = 0
v[1036] = 0
v[1037] = 0
v[1038] = 0
v[1039] = 0
v[1040] = 0
v[1041] = 0
v[1042] = 0
v[1043] = 0
v[1044] = 0
v[1045] = 0
v[1046] = 0
v[1047] = 0
v[1048] = 0
v[1049] = 0
v[1050] = 0
v[1051] = 0
v[1052] = 0
v[1053] = 0
v[1054] = 0
v[1055] = 0
v[1056] = 0
v[1057] = 0
v[1058] = 0
v[1059] = 0
v[1060] = 0
v[1061] = 0
v[1062] = 0
v[1063] = 0
v[1064] = 0
v[1065] = 0
v[1066] = 0
v[1067] = 0
v[1068] = 0
v[1069] = 0
v[1070] = 0
v[1071] = 0
v[1072] = 0
v[1073] = 0
v[1074] = 0
v[1075] = 0
v[1076] = 0
v[1077] = 0
v[1078] = 0
v[1079] = 0
v[1080] = 0
v[1081] = 0
v[1082] = 0
v[1083] = 0
v[1084] = 0
v[1085] = 0
v[1086] = 0
v[1087] = 0
v[1088] = 0
v[1089] = 0
v[1090] = 0
v[1091] = 0
v[1092] = 0
v[1093] = 0
v[1094] = 0
v[1095] = 0
v[1096] = 0
v[1097] = 0
v[1098] = 0
v[1099] = 0
v[1100] = 0
v[1101] = 0
v[1102] = 0
v[1103] = 0
v[1104] = 0
v[1105] = 0
v[1106] = 0
v[1107] = 0
v[1108] = 0
v[1109] = 0
v[1110] = 0
v[1111] = 0
v[1112] = 0
v[1113] = 0
v[1114] = 0
v[1115] = 0
v[1116] = 0
v[1117] = 0
v[1118] = 0
v[1119] = 0
v[1120] = 0
v[1121] = 0
v[1122] = 0
v[1123] = 0
v[1124] = 0
v[1125] = 0
v[1126] = 0
v[1127] = 0
v[1128] = 0
v[1129] = 0
v[1130] = 0
v[1131] = 0
v[1132] = 0
v[1133] = 0
v[1134] = 0
v[1135] = 0
v[1136] = 0
v[1137] = 0
v[1138] = 0
v[1139] = 0
v[1140] = 0
v[1141] = 0
v[1142] = 0
v[1143] = 0
v[1144] = 0
v[1145] = 0
v[1146] = 0
v[1147] = 0
v[1148] = 0
v[1149] = 0
v[1150] = 0
v[1151] = 0
v[1152] = 0
v[1153] = 0
v[1154] = 0
v[1155] = 0
v[1156] = 0
v[1157] = 0
v[1158] = 0
v[1159] = 0
v[1160] = 0
v[1161] = 0
v[1162] = 0
v[1163] = 0
v[1164] = 0
v[1165] = 0
v[1166] = 0
v[1167] = 0
v[1168] = 0
v[1169] = 0
v[1170] = 0
v[1171] = 0
v[1172] = 0
v[1173] = 0
v[1174] = 0
v[1175] = 0
v[1176] = 0
v[1177] = 0
v[1178] = 0
v[1179] = 0
v[1180] = 0
v[1181] = 0
v[1182] = 0
v[1183] = 0
v[1184] = 0
v[1185] = 0
v[1186] = 0
v[1187] = 0
v[1188] = 0
v[1189] = 0
v[1190] = 0
v[1191] = 0
v[1192] = 0
v[1193] = 0
v[1194] = 0
v[1195] = 0
v[1196] = 0
v[1197] = 0
v[1198] = 0
v[1199] = 0
v[1200] = 0
v[1201] = 0
v[1202] = 0
v[1203] = 0
v[1204] = 0
v[1205] = 0
v[1206] = 0
v[1207] = 0
v[1208] = 0
v[1209] = 0
v[1210] = 0
v[1211] = 0
v[1212] = 0
v[1213] = 0
v[1214] = 0
v[1215] = 0
v[1216] = 0
v[1217] = 0
v[1218] = 0
v[1219] = 0
v[1220] = 0
v[1221] = 0
v[1222] = 0
v[1223] = 0
v[1224] = 0
v[1225] = 0
v[1226] = 0
v[1227] = 0
v[1228] = 0
v[1229] = 0
v[1230] = 0
v[1231] = 0
v[1232] = 0
v[1233] = 0
v[1234] = 0
v[1235] = 0
v[1236] = 0
v[1237] = 0
v[1238] = 0
v[1239] = 0
v[1240] = 0
v[1241] = 0
v[1242] = 0
v[1243] = 0
v[1244] = 0
v[1245] = 0
v[1246] = 0
v[1247] = 0
v[1248] = 0
v[1249] = 0
v[1250] = 0
v[1251] = 0
v[1252] = 0
v[1253] = 0
v[1254] = 0
v[1255] = 0
v[1256] = 0
v[1257] = 0
v[1258] = 0
v[1259] = 0
v[1260] = 0
v[1261] = 0
v[1262] = 0
v[1263] = 0
v[1264] = 0
v[1265] = 0
v[1266] = 0
v[1267] = 0
